  [4;36;1mSQL (9.2ms)[0m   [0;1m SELECT name
 FROM sqlite_master
 WHERE type = 'table' AND NOT name = 'sqlite_sequence'
[0m
  [4;35;1mSQL (0.3ms)[0m   [0mselect sqlite_version(*)[0m
  [4;36;1mSQL (22.5ms)[0m   [0;1mCREATE TABLE "schema_migrations" ("version" varchar(255) NOT NULL) [0m
  [4;35;1mSQL (32.5ms)[0m   [0mCREATE UNIQUE INDEX "unique_schema_migrations" ON "schema_migrations" ("version")[0m
  [4;36;1mSQL (1.4ms)[0m   [0;1m SELECT name
 FROM sqlite_master
 WHERE type = 'table' AND NOT name = 'sqlite_sequence'
[0m
  [4;35;1mSQL (1.2ms)[0m   [0mSELECT version FROM schema_migrations[0m
  [4;36;1mSQL (2.2ms)[0m   [0;1m SELECT name
 FROM sqlite_master
 WHERE type = 'table' AND NOT name = 'sqlite_sequence'
[0m
  [4;35;1mSQL (1.4ms)[0m   [0m SELECT name
 FROM sqlite_master
 WHERE type = 'table' AND NOT name = 'sqlite_sequence'
[0m
  [4;36;1mSQL (3.3ms)[0m   [0;1m SELECT name
 FROM sqlite_master
 WHERE type = 'table' AND NOT name = 'sqlite_sequence'
[0m
  [4;35;1mSQL (1.6ms)[0m   [0m SELECT name
 FROM sqlite_master
 WHERE type = 'table' AND NOT name = 'sqlite_sequence'
[0m
  [4;36;1mSQL (1.3ms)[0m   [0;1mSELECT version FROM schema_migrations[0m
Migrating to InitialDbCreation (20100623101531)
  [4;35;1mSQL (0.3ms)[0m   [0mselect sqlite_version(*)[0m
  [4;36;1mSQL (5.0ms)[0m   [0;1mCREATE TABLE "users" ("id" INTEGER PRIMARY KEY AUTOINCREMENT NOT NULL, "crypted_password" varchar(40), "salt" varchar(40), "remember_token" varchar(255), "remember_token_expires_at" datetime, "name" varchar(255), "email_address" varchar(255), "administrator" boolean DEFAULT 'f', "created_at" datetime, "updated_at" datetime, "state" varchar(255) DEFAULT 'active', "key_timestamp" datetime) [0m
  [4;35;1mSQL (0.3ms)[0m   [0mCREATE INDEX "index_users_on_state" ON "users" ("state")[0m
  [4;36;1mSQL (0.6ms)[0m   [0;1mINSERT INTO schema_migrations (version) VALUES ('20100623101531')[0m
  [4;35;1mSQL (1.7ms)[0m   [0m SELECT name
 FROM sqlite_master
 WHERE type = 'table' AND NOT name = 'sqlite_sequence'
[0m
  [4;36;1mSQL (1.4ms)[0m   [0;1mSELECT version FROM schema_migrations[0m
  [4;35;1mSQL (1.5ms)[0m   [0m SELECT name
 FROM sqlite_master
 WHERE type = 'table' AND NOT name = 'sqlite_sequence'
[0m
  [4;36;1mSQL (0.3ms)[0m   [0;1mPRAGMA index_list("users")[0m
  [4;35;1mSQL (0.3ms)[0m   [0mPRAGMA index_info('index_users_on_state')[0m
  [4;36;1mSQL (3.6ms)[0m   [0;1m SELECT name
 FROM sqlite_master
 WHERE type = 'table' AND NOT name = 'sqlite_sequence'
[0m
  [4;35;1mSQL (1.3ms)[0m   [0m SELECT name
 FROM sqlite_master
 WHERE type = 'table' AND NOT name = 'sqlite_sequence'
[0m


Processing FrontController#index (for 158.119.175.40 at 2010-06-23 11:25:19) [GET]
Rendering front/index
  DRYML: Compiled /home/f0/paul/.gem/ruby/1.8/gems/hobo-1.0.1/taglibs/core.dryml in 0.03s
  DRYML: Compiled /home/f0/paul/.gem/ruby/1.8/gems/hobo-1.0.1/taglibs/rapid_core.dryml in 0.35s
  DRYML: Compiled /home/f0/paul/.gem/ruby/1.8/gems/hobo-1.0.1/taglibs/rapid_support.dryml in 0.02s
  DRYML: Compiled /home/f0/paul/.gem/ruby/1.8/gems/hobo-1.0.1/taglibs/rapid_document_tags.dryml in 0.05s
  DRYML: Compiled /home/f0/paul/.gem/ruby/1.8/gems/hobo-1.0.1/taglibs/rapid_pages.dryml in 0.26s
  DRYML: Compiled /home/f0/paul/.gem/ruby/1.8/gems/hobo-1.0.1/taglibs/rapid_editing.dryml in 0.24s
  DRYML: Compiled /home/f0/paul/.gem/ruby/1.8/gems/hobo-1.0.1/taglibs/rapid_forms.dryml in 0.46s
  DRYML: Compiled /home/f0/paul/.gem/ruby/1.8/gems/hobo-1.0.1/taglibs/rapid_navigation.dryml in 0.06s
  DRYML: Compiled /home/f0/paul/.gem/ruby/1.8/gems/hobo-1.0.1/taglibs/rapid_plus.dryml in 0.21s
  DRYML: Compiled /home/f0/paul/.gem/ruby/1.8/gems/hobo-1.0.1/taglibs/rapid_generics.dryml in 0.04s
  DRYML: Compiled /home/f0/paul/.gem/ruby/1.8/gems/hobo-1.0.1/taglibs/rapid_lifecycles.dryml in 0.01s
  DRYML: Compiled /home/f0/paul/.gem/ruby/1.8/gems/hobo-1.0.1/taglibs/rapid_summary.dryml in 0.26s
  DRYML: Compiled /home/f0/paul/.gem/ruby/1.8/gems/hobo-1.0.1/taglibs/rapid_user_pages.dryml in 0.28s
  DRYML: Compiled /home/f0/paul/.gem/ruby/1.8/gems/hobo-1.0.1/taglibs/rapid.dryml in 2.27s
  DRYML: Compiled app/views/taglibs/auto/rapid/cards.dryml in 0.01s
  DRYML: Compiled app/views/taglibs/auto/rapid/pages.dryml in 0.24s
  DRYML: Compiled app/views/taglibs/auto/rapid/forms.dryml in 0.04s
  DRYML: Compiled app/views/taglibs/themes/clean/clean.dryml in 0.02s
  DRYML: Compiled app/views/taglibs/application.dryml in 2.61s
  DRYML: Compiled app/views/front/index.dryml in 2.68s
  [4;36;1mUser Load (3.0ms)[0m   [0;1mSELECT * FROM "users" LIMIT 30[0m
  [4;35;1mSQL (1.9ms)[0m   [0mSELECT count(*) AS count_all FROM "users" [0m
Completed in 3012ms (View: 2965, DB: 5) | 200 OK [http://158.119.147.40/]
  [4;36;1mSQL (3.1ms)[0m   [0;1m SELECT name
 FROM sqlite_master
 WHERE type = 'table' AND NOT name = 'sqlite_sequence'
[0m
  [4;35;1mSQL (1.4ms)[0m   [0m SELECT name
 FROM sqlite_master
 WHERE type = 'table' AND NOT name = 'sqlite_sequence'
[0m


Processing UsersController#do_signup (for 158.119.175.40 at 2010-06-23 11:26:05) [POST]
  Parameters: {"user"=>{"name"=>"admin", "password_confirmation"=>"[FILTERED]", "password"=>"[FILTERED]", "email_address"=>"paul-michael.agapow@hpa.org.uk"}, "page_path"=>"front/index", "action"=>"do_signup", "authenticity_token"=>"QAzBOq536TGiK6fMbcTrk/18U6YM71hAo0lp4pqU5cA=", "controller"=>"users"}

ActiveRecord::UnknownAttributeError (unknown attribute: password_confirmation):
  hobo (1.0.1) lib/hobo/model.rb:399:in `send'
  hobo (1.0.1) lib/hobo/model.rb:399:in `attributes='
  hobo (1.0.1) lib/hobo/lifecycles/actions.rb:97:in `prepare!'
  hobo (1.0.1) lib/hobo/lifecycles/creator.rb:52:in `run!'
  hobo (1.0.1) lib/hobo/permissions.rb:171:in `with_acting_user'
  hobo (1.0.1) lib/hobo/lifecycles/creator.rb:51:in `run!'
  hobo (1.0.1) lib/hobo/model_controller.rb:670:in `do_creator_action'
  hobo (1.0.1) lib/hobo/user_controller.rb:114:in `hobo_do_signup'
  hobo (1.0.1) lib/hobo/user_controller.rb:44:in `do_signup'
  hobo (1.0.1) lib/hobo/controller.rb:23:in `call'
  hobo (1.0.1) lib/hobo/controller.rb:23:in `included_in_class'

Rendered rescues/_trace (84.4ms)
Rendered rescues/_request_and_response (2.9ms)
Rendering rescues/layout (internal_server_error)
  [4;36;1mSQL (3.2ms)[0m   [0;1m SELECT name
 FROM sqlite_master
 WHERE type = 'table' AND NOT name = 'sqlite_sequence'
[0m
  [4;35;1mSQL (1.3ms)[0m   [0m SELECT name
 FROM sqlite_master
 WHERE type = 'table' AND NOT name = 'sqlite_sequence'
[0m


Processing FrontController#index (for 158.119.175.40 at 2010-06-23 11:28:32) [GET]
Rendering front/index
  DRYML: Compiled /home/f0/paul/.gem/ruby/1.8/gems/hobo-1.0.1/taglibs/core.dryml in 0.03s
  DRYML: Compiled /home/f0/paul/.gem/ruby/1.8/gems/hobo-1.0.1/taglibs/rapid_core.dryml in 0.37s
  DRYML: Compiled /home/f0/paul/.gem/ruby/1.8/gems/hobo-1.0.1/taglibs/rapid_support.dryml in 0.02s
  DRYML: Compiled /home/f0/paul/.gem/ruby/1.8/gems/hobo-1.0.1/taglibs/rapid_document_tags.dryml in 0.05s
  DRYML: Compiled /home/f0/paul/.gem/ruby/1.8/gems/hobo-1.0.1/taglibs/rapid_pages.dryml in 0.27s
  DRYML: Compiled /home/f0/paul/.gem/ruby/1.8/gems/hobo-1.0.1/taglibs/rapid_editing.dryml in 0.18s
  DRYML: Compiled /home/f0/paul/.gem/ruby/1.8/gems/hobo-1.0.1/taglibs/rapid_forms.dryml in 0.47s
  DRYML: Compiled /home/f0/paul/.gem/ruby/1.8/gems/hobo-1.0.1/taglibs/rapid_navigation.dryml in 0.06s
  DRYML: Compiled /home/f0/paul/.gem/ruby/1.8/gems/hobo-1.0.1/taglibs/rapid_plus.dryml in 0.21s
  DRYML: Compiled /home/f0/paul/.gem/ruby/1.8/gems/hobo-1.0.1/taglibs/rapid_generics.dryml in 0.04s
  DRYML: Compiled /home/f0/paul/.gem/ruby/1.8/gems/hobo-1.0.1/taglibs/rapid_lifecycles.dryml in 0.01s
  DRYML: Compiled /home/f0/paul/.gem/ruby/1.8/gems/hobo-1.0.1/taglibs/rapid_summary.dryml in 0.25s
  DRYML: Compiled /home/f0/paul/.gem/ruby/1.8/gems/hobo-1.0.1/taglibs/rapid_user_pages.dryml in 0.29s
  DRYML: Compiled /home/f0/paul/.gem/ruby/1.8/gems/hobo-1.0.1/taglibs/rapid.dryml in 2.25s
  DRYML: Compiled app/views/taglibs/auto/rapid/cards.dryml in 0.01s
  DRYML: Compiled app/views/taglibs/auto/rapid/pages.dryml in 0.25s
  DRYML: Compiled app/views/taglibs/auto/rapid/forms.dryml in 0.04s
  DRYML: Compiled app/views/taglibs/themes/clean/clean.dryml in 0.02s
  DRYML: Compiled app/views/taglibs/application.dryml in 2.58s
  DRYML: Compiled app/views/front/index.dryml in 2.65s
  [4;36;1mUser Load (2.7ms)[0m   [0;1mSELECT * FROM "users" LIMIT 30[0m
  [4;35;1mSQL (1.9ms)[0m   [0mSELECT count(*) AS count_all FROM "users" [0m
Completed in 2931ms (View: 2922, DB: 5) | 200 OK [http://158.119.147.40/]
  [4;36;1mSQL (3.3ms)[0m   [0;1m SELECT name
 FROM sqlite_master
 WHERE type = 'table' AND NOT name = 'sqlite_sequence'
[0m
  [4;35;1mSQL (1.3ms)[0m   [0m SELECT name
 FROM sqlite_master
 WHERE type = 'table' AND NOT name = 'sqlite_sequence'
[0m


Processing UsersController#do_signup (for 158.119.175.40 at 2010-06-23 11:29:00) [POST]
  Parameters: {"user"=>{"name"=>"admin", "password_confirmation"=>"[FILTERED]", "password"=>"[FILTERED]", "email_address"=>"paul-michael.agapow@hpa.org.uk"}, "page_path"=>"front/index", "action"=>"do_signup", "authenticity_token"=>"QAzBOq536TGiK6fMbcTrk/18U6YM71hAo0lp4pqU5cA=", "controller"=>"users"}

ActiveRecord::UnknownAttributeError (unknown attribute: password_confirmation):
  hobo (1.0.1) lib/hobo/model.rb:399:in `send'
  hobo (1.0.1) lib/hobo/model.rb:399:in `attributes='
  hobo (1.0.1) lib/hobo/lifecycles/actions.rb:97:in `prepare!'
  hobo (1.0.1) lib/hobo/lifecycles/creator.rb:52:in `run!'
  hobo (1.0.1) lib/hobo/permissions.rb:171:in `with_acting_user'
  hobo (1.0.1) lib/hobo/lifecycles/creator.rb:51:in `run!'
  hobo (1.0.1) lib/hobo/model_controller.rb:670:in `do_creator_action'
  hobo (1.0.1) lib/hobo/user_controller.rb:114:in `hobo_do_signup'
  hobo (1.0.1) lib/hobo/user_controller.rb:44:in `do_signup'
  hobo (1.0.1) lib/hobo/controller.rb:23:in `call'
  hobo (1.0.1) lib/hobo/controller.rb:23:in `included_in_class'

Rendered rescues/_trace (84.3ms)
Rendered rescues/_request_and_response (2.9ms)
Rendering rescues/layout (internal_server_error)
  [4;36;1mSQL (3.2ms)[0m   [0;1m SELECT name
 FROM sqlite_master
 WHERE type = 'table' AND NOT name = 'sqlite_sequence'
[0m
  [4;35;1mSQL (1.3ms)[0m   [0m SELECT name
 FROM sqlite_master
 WHERE type = 'table' AND NOT name = 'sqlite_sequence'
[0m


Processing FrontController#index (for 158.119.175.40 at 2010-06-23 11:32:21) [GET]
Rendering front/index
  DRYML: Compiled /home/f0/paul/.gem/ruby/1.8/gems/hobo-1.0.1/taglibs/core.dryml in 0.03s
  DRYML: Compiled /home/f0/paul/.gem/ruby/1.8/gems/hobo-1.0.1/taglibs/rapid_core.dryml in 0.35s
  DRYML: Compiled /home/f0/paul/.gem/ruby/1.8/gems/hobo-1.0.1/taglibs/rapid_support.dryml in 0.02s
  DRYML: Compiled /home/f0/paul/.gem/ruby/1.8/gems/hobo-1.0.1/taglibs/rapid_document_tags.dryml in 0.05s
  DRYML: Compiled /home/f0/paul/.gem/ruby/1.8/gems/hobo-1.0.1/taglibs/rapid_pages.dryml in 0.27s
  DRYML: Compiled /home/f0/paul/.gem/ruby/1.8/gems/hobo-1.0.1/taglibs/rapid_editing.dryml in 0.22s
  DRYML: Compiled /home/f0/paul/.gem/ruby/1.8/gems/hobo-1.0.1/taglibs/rapid_forms.dryml in 0.46s
  DRYML: Compiled /home/f0/paul/.gem/ruby/1.8/gems/hobo-1.0.1/taglibs/rapid_navigation.dryml in 0.07s
  DRYML: Compiled /home/f0/paul/.gem/ruby/1.8/gems/hobo-1.0.1/taglibs/rapid_plus.dryml in 0.21s
  DRYML: Compiled /home/f0/paul/.gem/ruby/1.8/gems/hobo-1.0.1/taglibs/rapid_generics.dryml in 0.04s
  DRYML: Compiled /home/f0/paul/.gem/ruby/1.8/gems/hobo-1.0.1/taglibs/rapid_lifecycles.dryml in 0.01s
  DRYML: Compiled /home/f0/paul/.gem/ruby/1.8/gems/hobo-1.0.1/taglibs/rapid_summary.dryml in 0.27s
  DRYML: Compiled /home/f0/paul/.gem/ruby/1.8/gems/hobo-1.0.1/taglibs/rapid_user_pages.dryml in 0.29s
  DRYML: Compiled /home/f0/paul/.gem/ruby/1.8/gems/hobo-1.0.1/taglibs/rapid.dryml in 2.29s
  DRYML: Compiled app/views/taglibs/auto/rapid/cards.dryml in 0.01s
  DRYML: Compiled app/views/taglibs/auto/rapid/pages.dryml in 0.24s
  DRYML: Compiled app/views/taglibs/auto/rapid/forms.dryml in 0.05s
  DRYML: Compiled app/views/taglibs/themes/clean/clean.dryml in 0.02s
  DRYML: Compiled app/views/taglibs/application.dryml in 2.62s
  DRYML: Compiled app/views/front/index.dryml in 2.69s
  [4;36;1mUser Load (2.7ms)[0m   [0;1mSELECT * FROM "users" LIMIT 30[0m
  [4;35;1mSQL (1.9ms)[0m   [0mSELECT count(*) AS count_all FROM "users" [0m
Completed in 2973ms (View: 2964, DB: 5) | 200 OK [http://158.119.147.40/]
  [4;36;1mSQL (2.9ms)[0m   [0;1m SELECT name
 FROM sqlite_master
 WHERE type = 'table' AND NOT name = 'sqlite_sequence'
[0m
  [4;35;1mSQL (1.4ms)[0m   [0m SELECT name
 FROM sqlite_master
 WHERE type = 'table' AND NOT name = 'sqlite_sequence'
[0m


Processing UsersController#do_signup (for 158.119.175.40 at 2010-06-23 11:32:34) [POST]
  Parameters: {"user"=>{"name"=>"admin", "password_confirmation"=>"[FILTERED]", "password"=>"[FILTERED]", "email_address"=>"paul"}, "page_path"=>"front/index", "action"=>"do_signup", "authenticity_token"=>"QAzBOq536TGiK6fMbcTrk/18U6YM71hAo0lp4pqU5cA=", "controller"=>"users"}
  [4;36;1mUser Load (1.4ms)[0m   [0;1mSELECT "users".id FROM "users" WHERE ("users"."name" = 'admin') LIMIT 1[0m
  [4;35;1mUser Load (0.2ms)[0m   [0mSELECT "users".id FROM "users" WHERE (LOWER("users"."email_address") = 'paul') LIMIT 1[0m
Rendering front/index
  [4;36;1mUser Load (1.5ms)[0m   [0;1mSELECT * FROM "users" LIMIT 30[0m
  [4;35;1mSQL (1.9ms)[0m   [0mSELECT count(*) AS count_all FROM "users" [0m
Completed in 805ms (View: 623, DB: 9) | 200 OK [http://158.119.147.40/users/signup]
  [4;36;1mSQL (3.1ms)[0m   [0;1m SELECT name
 FROM sqlite_master
 WHERE type = 'table' AND NOT name = 'sqlite_sequence'
[0m
  [4;35;1mSQL (1.4ms)[0m   [0m SELECT name
 FROM sqlite_master
 WHERE type = 'table' AND NOT name = 'sqlite_sequence'
[0m


Processing UsersController#do_signup (for 158.119.175.40 at 2010-06-23 11:32:55) [POST]
  Parameters: {"user"=>{"name"=>"admin", "password_confirmation"=>"[FILTERED]", "password"=>"[FILTERED]", "email_address"=>"paul-michael.agapow@hpa.org.uk"}, "page_path"=>"front/index", "action"=>"do_signup", "authenticity_token"=>"QAzBOq536TGiK6fMbcTrk/18U6YM71hAo0lp4pqU5cA=", "controller"=>"users"}
  [4;36;1mUser Load (1.3ms)[0m   [0;1mSELECT "users".id FROM "users" WHERE ("users"."name" = 'admin') LIMIT 1[0m
  [4;35;1mUser Load (0.2ms)[0m   [0mSELECT "users".id FROM "users" WHERE (LOWER("users"."email_address") = 'paul-michael.agapow@hpa.org.uk') LIMIT 1[0m
  [4;36;1mSQL (0.5ms)[0m   [0;1mSELECT count(*) AS count_all FROM "users" [0m
  [4;35;1mUser Create (2.8ms)[0m   [0mINSERT INTO "users" ("salt", "name", "key_timestamp", "updated_at", "crypted_password", "remember_token_expires_at", "administrator", "remember_token", "email_address", "created_at", "state") VALUES('0bd548e31a0731eae11db1a10f06322a072d15d2', 'admin', NULL, '2010-06-23 10:32:55', 'cae80ea6ad223b1487586f3dd0b7c9932534f0b1', NULL, 't', NULL, 'paul-michael.agapow@hpa.org.uk', '2010-06-23 10:32:55', 'active')[0m
Redirected to http://158.119.147.40:8080
Completed in 65ms (DB: 9) | 302 Found [http://158.119.147.40/users/signup]
  [4;36;1mSQL (3.3ms)[0m   [0;1m SELECT name
 FROM sqlite_master
 WHERE type = 'table' AND NOT name = 'sqlite_sequence'
[0m
  [4;35;1mSQL (1.3ms)[0m   [0m SELECT name
 FROM sqlite_master
 WHERE type = 'table' AND NOT name = 'sqlite_sequence'
[0m


Processing FrontController#index (for 158.119.175.40 at 2010-06-23 11:32:56) [GET]
  [4;36;1mUser Load (1.9ms)[0m   [0;1mSELECT * FROM "users" WHERE ("users"."id" = 1) [0m
Rendering front/index
  [4;35;1mUser Load (1.7ms)[0m   [0mSELECT * FROM "users" LIMIT 30[0m
  [4;36;1mSQL (2.0ms)[0m   [0;1mSELECT count(*) AS count_all FROM "users" [0m
Completed in 475ms (View: 464, DB: 10) | 200 OK [http://158.119.147.40/]
  [4;35;1mSQL (3.2ms)[0m   [0m SELECT name
 FROM sqlite_master
 WHERE type = 'table' AND NOT name = 'sqlite_sequence'
[0m
  [4;36;1mSQL (1.3ms)[0m   [0;1m SELECT name
 FROM sqlite_master
 WHERE type = 'table' AND NOT name = 'sqlite_sequence'
[0m


Processing FrontController#index (for 158.119.175.40 at 2010-06-23 11:33:02) [GET]
  [4;35;1mUser Load (2.0ms)[0m   [0mSELECT * FROM "users" WHERE ("users"."id" = 1) [0m
Rendering front/index
  [4;36;1mUser Load (2.0ms)[0m   [0;1mSELECT * FROM "users" LIMIT 30[0m
  [4;35;1mSQL (1.8ms)[0m   [0mSELECT count(*) AS count_all FROM "users" [0m
Completed in 475ms (View: 463, DB: 10) | 200 OK [http://158.119.147.40/]
  [4;36;1mSQL (3.6ms)[0m   [0;1m SELECT name
 FROM sqlite_master
 WHERE type = 'table' AND NOT name = 'sqlite_sequence'
[0m
  [4;35;1mSQL (1.6ms)[0m   [0m SELECT name
 FROM sqlite_master
 WHERE type = 'table' AND NOT name = 'sqlite_sequence'
[0m


Processing FrontController#index (for 158.119.175.40 at 2010-06-23 11:34:29) [GET]
  [4;36;1mUser Load (1.8ms)[0m   [0;1mSELECT * FROM "users" WHERE ("users"."id" = 1) [0m
Rendering front/index
  [4;35;1mUser Load (1.8ms)[0m   [0mSELECT * FROM "users" LIMIT 30[0m
  [4;36;1mSQL (1.9ms)[0m   [0;1mSELECT count(*) AS count_all FROM "users" [0m
Completed in 487ms (View: 475, DB: 11) | 200 OK [http://158.119.147.40/]
  [4;35;1mSQL (2.8ms)[0m   [0m SELECT name
 FROM sqlite_master
 WHERE type = 'table' AND NOT name = 'sqlite_sequence'
[0m
  [4;36;1mSQL (1.3ms)[0m   [0;1m SELECT name
 FROM sqlite_master
 WHERE type = 'table' AND NOT name = 'sqlite_sequence'
[0m


Processing UsersController#account (for 158.119.175.40 at 2010-06-23 11:34:31) [GET]
  Parameters: {"action"=>"account", "id"=>"1-admin", "controller"=>"users"}
  [4;35;1mUser Load (2.0ms)[0m   [0mSELECT * FROM "users" WHERE ("users"."id" = 1) [0m
  [4;36;1mCACHE (0.0ms)[0m   [0;1mSELECT * FROM "users" WHERE ("users"."id" = 1) [0m
  [4;35;1mUser Load (2.0ms)[0m   [0mSELECT * FROM "users" LIMIT 30[0m
Completed in 544ms (View: 533, DB: 8) | 200 OK [http://158.119.147.40/users/1-admin/account]
  [4;36;1mSQL (3.5ms)[0m   [0;1m SELECT name
 FROM sqlite_master
 WHERE type = 'table' AND NOT name = 'sqlite_sequence'
[0m
  [4;35;1mSQL (1.7ms)[0m   [0m SELECT name
 FROM sqlite_master
 WHERE type = 'table' AND NOT name = 'sqlite_sequence'
[0m


Processing UsersController#show (for 158.119.175.40 at 2010-06-23 11:34:37) [GET]
  Parameters: {"action"=>"show", "id"=>"1-admin", "controller"=>"users"}
  [4;36;1mUser Load (1.9ms)[0m   [0;1mSELECT * FROM "users" WHERE ("users"."id" = 1) [0m
  [4;35;1mCACHE (0.0ms)[0m   [0mSELECT * FROM "users" WHERE ("users"."id" = 1) [0m
  [4;36;1mUser Load (2.1ms)[0m   [0;1mSELECT * FROM "users" LIMIT 30[0m
Completed in 559ms (View: 548, DB: 9) | 200 OK [http://158.119.147.40/users/1-admin]
  [4;36;1mSQL (3.2ms)[0m   [0;1m SELECT name
 FROM sqlite_master
 WHERE type = 'table' AND NOT name = 'sqlite_sequence'
[0m
  [4;35;1mSQL (1.4ms)[0m   [0mSELECT version FROM schema_migrations[0m
  [4;36;1mSQL (2.0ms)[0m   [0;1m SELECT name
 FROM sqlite_master
 WHERE type = 'table' AND NOT name = 'sqlite_sequence'
[0m
  [4;35;1mSQL (1.5ms)[0m   [0m SELECT name
 FROM sqlite_master
 WHERE type = 'table' AND NOT name = 'sqlite_sequence'
[0m
  [4;36;1mSQL (1.7ms)[0m   [0;1m SELECT name
 FROM sqlite_master
 WHERE type = 'table' AND NOT name = 'sqlite_sequence'
[0m
  [4;35;1mSQL (0.4ms)[0m   [0mselect sqlite_version(*)[0m
  [4;36;1mSQL (0.3ms)[0m   [0;1mPRAGMA index_list("users")[0m
  [4;35;1mSQL (0.3ms)[0m   [0mPRAGMA index_info('index_users_on_state')[0m
  [4;36;1mSQL (3.2ms)[0m   [0;1m SELECT name
 FROM sqlite_master
 WHERE type = 'table' AND NOT name = 'sqlite_sequence'
[0m
  [4;35;1mSQL (1.3ms)[0m   [0m SELECT name
 FROM sqlite_master
 WHERE type = 'table' AND NOT name = 'sqlite_sequence'
[0m
  [4;36;1mSQL (1.6ms)[0m   [0;1m SELECT name
 FROM sqlite_master
 WHERE type = 'table' AND NOT name = 'sqlite_sequence'
[0m
  [4;35;1mSQL (1.3ms)[0m   [0mSELECT version FROM schema_migrations[0m
Migrating to InitialDbCreation (20100623101531)
Migrating to AddContactModel (20100623114015)
  [4;36;1mSQL (0.2ms)[0m   [0;1mselect sqlite_version(*)[0m
  [4;35;1mSQL (14.2ms)[0m   [0mCREATE TABLE "contacts" ("id" INTEGER PRIMARY KEY AUTOINCREMENT NOT NULL, "name" varchar(255), "company" varchar(255), "created_at" datetime, "updated_at" datetime) [0m
  [4;36;1mSQL (0.6ms)[0m   [0;1mINSERT INTO schema_migrations (version) VALUES ('20100623114015')[0m
  [4;35;1mSQL (1.7ms)[0m   [0m SELECT name
 FROM sqlite_master
 WHERE type = 'table' AND NOT name = 'sqlite_sequence'
[0m
  [4;36;1mSQL (1.4ms)[0m   [0;1mSELECT version FROM schema_migrations[0m
  [4;35;1mSQL (1.5ms)[0m   [0m SELECT name
 FROM sqlite_master
 WHERE type = 'table' AND NOT name = 'sqlite_sequence'
[0m
  [4;36;1mSQL (0.1ms)[0m   [0;1mPRAGMA index_list("contacts")[0m
  [4;35;1mSQL (0.3ms)[0m   [0mPRAGMA index_list("users")[0m
  [4;36;1mSQL (0.2ms)[0m   [0;1mPRAGMA index_info('index_users_on_state')[0m
  [4;36;1mSQL (3.7ms)[0m   [0;1m SELECT name
 FROM sqlite_master
 WHERE type = 'table' AND NOT name = 'sqlite_sequence'
[0m
  [4;35;1mSQL (1.4ms)[0m   [0m SELECT name
 FROM sqlite_master
 WHERE type = 'table' AND NOT name = 'sqlite_sequence'
[0m
  [4;36;1mSQL (1.7ms)[0m   [0;1m SELECT name
 FROM sqlite_master
 WHERE type = 'table' AND NOT name = 'sqlite_sequence'
[0m


Processing FrontController#index (for 158.119.175.40 at 2010-06-23 12:40:59) [GET]
  [4;35;1mUser Load (1.9ms)[0m   [0mSELECT * FROM "users" WHERE ("users"."id" = 1) [0m
Rendering front/index
  DRYML: Compiled /home/f0/paul/.gem/ruby/1.8/gems/hobo-1.0.1/taglibs/core.dryml in 0.11s
  DRYML: Compiled /home/f0/paul/.gem/ruby/1.8/gems/hobo-1.0.1/taglibs/rapid_core.dryml in 0.27s
  DRYML: Compiled /home/f0/paul/.gem/ruby/1.8/gems/hobo-1.0.1/taglibs/rapid_support.dryml in 0.02s
  DRYML: Compiled /home/f0/paul/.gem/ruby/1.8/gems/hobo-1.0.1/taglibs/rapid_document_tags.dryml in 0.05s
  DRYML: Compiled /home/f0/paul/.gem/ruby/1.8/gems/hobo-1.0.1/taglibs/rapid_pages.dryml in 0.26s
  DRYML: Compiled /home/f0/paul/.gem/ruby/1.8/gems/hobo-1.0.1/taglibs/rapid_editing.dryml in 0.19s
  DRYML: Compiled /home/f0/paul/.gem/ruby/1.8/gems/hobo-1.0.1/taglibs/rapid_forms.dryml in 0.48s
  DRYML: Compiled /home/f0/paul/.gem/ruby/1.8/gems/hobo-1.0.1/taglibs/rapid_navigation.dryml in 0.06s
  DRYML: Compiled /home/f0/paul/.gem/ruby/1.8/gems/hobo-1.0.1/taglibs/rapid_plus.dryml in 0.22s
  DRYML: Compiled /home/f0/paul/.gem/ruby/1.8/gems/hobo-1.0.1/taglibs/rapid_generics.dryml in 0.04s
  DRYML: Compiled /home/f0/paul/.gem/ruby/1.8/gems/hobo-1.0.1/taglibs/rapid_lifecycles.dryml in 0.01s
  DRYML: Compiled /home/f0/paul/.gem/ruby/1.8/gems/hobo-1.0.1/taglibs/rapid_summary.dryml in 0.25s
  DRYML: Compiled /home/f0/paul/.gem/ruby/1.8/gems/hobo-1.0.1/taglibs/rapid_user_pages.dryml in 0.29s
  DRYML: Compiled /home/f0/paul/.gem/ruby/1.8/gems/hobo-1.0.1/taglibs/rapid.dryml in 2.18s
  DRYML: Compiled app/views/taglibs/auto/rapid/cards.dryml in 0.14s
  DRYML: Compiled app/views/taglibs/auto/rapid/pages.dryml in 0.35s
  DRYML: Compiled app/views/taglibs/auto/rapid/forms.dryml in 0.06s
  DRYML: Compiled app/views/taglibs/themes/clean/clean.dryml in 0.02s
  DRYML: Compiled app/views/taglibs/application.dryml in 2.74s
  DRYML: Compiled app/views/front/index.dryml in 2.91s
  [4;36;1mUser Load (2.0ms)[0m   [0;1mSELECT * FROM "users" LIMIT 30[0m
  [4;35;1mSQL (2.0ms)[0m   [0mSELECT count(*) AS count_all FROM "users" [0m
Completed in 3162ms (View: 3150, DB: 8) | 200 OK [http://158.119.147.40/]
  [4;36;1mSQL (3.6ms)[0m   [0;1m SELECT name
 FROM sqlite_master
 WHERE type = 'table' AND NOT name = 'sqlite_sequence'
[0m
  [4;35;1mSQL (1.5ms)[0m   [0m SELECT name
 FROM sqlite_master
 WHERE type = 'table' AND NOT name = 'sqlite_sequence'
[0m
  [4;36;1mSQL (1.7ms)[0m   [0;1m SELECT name
 FROM sqlite_master
 WHERE type = 'table' AND NOT name = 'sqlite_sequence'
[0m


Processing ContactsController#index (for 158.119.175.40 at 2010-06-23 12:41:06) [GET]
  [4;35;1mUser Load (2.0ms)[0m   [0mSELECT * FROM "users" WHERE ("users"."id" = 1) [0m
  [4;36;1mContact Load (1.5ms)[0m   [0;1mSELECT * FROM "contacts" LIMIT 30 OFFSET 0[0m
  [4;35;1mUser Load (2.0ms)[0m   [0mSELECT * FROM "users" LIMIT 30[0m
Completed in 373ms (View: 359, DB: 12) | 200 OK [http://158.119.147.40/contacts]
  [4;36;1mSQL (3.7ms)[0m   [0;1m SELECT name
 FROM sqlite_master
 WHERE type = 'table' AND NOT name = 'sqlite_sequence'
[0m
  [4;35;1mSQL (1.4ms)[0m   [0m SELECT name
 FROM sqlite_master
 WHERE type = 'table' AND NOT name = 'sqlite_sequence'
[0m
  [4;36;1mSQL (1.7ms)[0m   [0;1m SELECT name
 FROM sqlite_master
 WHERE type = 'table' AND NOT name = 'sqlite_sequence'
[0m


Processing ContactsController#new (for 158.119.175.40 at 2010-06-23 12:41:08) [GET]
  [4;35;1mUser Load (2.0ms)[0m   [0mSELECT * FROM "users" WHERE ("users"."id" = 1) [0m
  [4;36;1mUser Load (1.9ms)[0m   [0;1mSELECT * FROM "users" LIMIT 30[0m
Completed in 513ms (View: 502, DB: 11) | 200 OK [http://158.119.147.40/contacts/new]
  [4;35;1mSQL (3.7ms)[0m   [0m SELECT name
 FROM sqlite_master
 WHERE type = 'table' AND NOT name = 'sqlite_sequence'
[0m
  [4;36;1mSQL (1.5ms)[0m   [0;1m SELECT name
 FROM sqlite_master
 WHERE type = 'table' AND NOT name = 'sqlite_sequence'
[0m
  [4;35;1mSQL (1.8ms)[0m   [0m SELECT name
 FROM sqlite_master
 WHERE type = 'table' AND NOT name = 'sqlite_sequence'
[0m


Processing ContactsController#create (for 158.119.175.40 at 2010-06-23 12:41:14) [POST]
  Parameters: {"page_path"=>"contacts/new", "authenticity_token"=>"QAzBOq536TGiK6fMbcTrk/18U6YM71hAo0lp4pqU5cA=", "contact"=>{"company"=>"gfhfghgfhfghgfh", "name"=>"hfdhgfhgffh"}}
  [4;36;1mUser Load (1.8ms)[0m   [0;1mSELECT * FROM "users" WHERE ("users"."id" = 1) [0m
  [4;35;1mContact Create (5.3ms)[0m   [0mINSERT INTO "contacts" ("name", "company", "updated_at", "created_at") VALUES('hfdhgfhgffh', 'gfhfghgfhfghgfh', '2010-06-23 11:41:14', '2010-06-23 11:41:14')[0m
Redirected to http://158.119.147.40:8080/contacts/1-hfdhgfhgffh
Completed in 55ms (DB: 14) | 302 Found [http://158.119.147.40/contacts]
  [4;36;1mSQL (5.2ms)[0m   [0;1m SELECT name
 FROM sqlite_master
 WHERE type = 'table' AND NOT name = 'sqlite_sequence'
[0m
  [4;35;1mSQL (1.5ms)[0m   [0m SELECT name
 FROM sqlite_master
 WHERE type = 'table' AND NOT name = 'sqlite_sequence'
[0m
  [4;36;1mSQL (1.7ms)[0m   [0;1m SELECT name
 FROM sqlite_master
 WHERE type = 'table' AND NOT name = 'sqlite_sequence'
[0m


Processing ContactsController#show (for 158.119.175.40 at 2010-06-23 12:41:14) [GET]
  Parameters: {"id"=>"1-hfdhgfhgffh"}
  [4;35;1mUser Load (1.9ms)[0m   [0mSELECT * FROM "users" WHERE ("users"."id" = 1) [0m
  [4;36;1mContact Load (1.8ms)[0m   [0;1mSELECT * FROM "contacts" WHERE ("contacts"."id" = 1) [0m
  [4;35;1mUser Load (2.2ms)[0m   [0mSELECT * FROM "users" LIMIT 30[0m
Completed in 485ms (View: 472, DB: 14) | 200 OK [http://158.119.147.40/contacts/1-hfdhgfhgffh]
  [4;36;1mSQL (3.6ms)[0m   [0;1m SELECT name
 FROM sqlite_master
 WHERE type = 'table' AND NOT name = 'sqlite_sequence'
[0m
  [4;35;1mSQL (1.5ms)[0m   [0m SELECT name
 FROM sqlite_master
 WHERE type = 'table' AND NOT name = 'sqlite_sequence'
[0m
  [4;36;1mSQL (1.5ms)[0m   [0;1m SELECT name
 FROM sqlite_master
 WHERE type = 'table' AND NOT name = 'sqlite_sequence'
[0m


Processing ContactsController#index (for 158.119.175.40 at 2010-06-23 12:41:19) [GET]
  [4;35;1mUser Load (2.0ms)[0m   [0mSELECT * FROM "users" WHERE ("users"."id" = 1) [0m
  [4;36;1mContact Load (1.9ms)[0m   [0;1mSELECT * FROM "contacts" LIMIT 30 OFFSET 0[0m
  [4;35;1mUser Load (1.8ms)[0m   [0mSELECT * FROM "users" LIMIT 30[0m
Completed in 500ms (View: 485, DB: 12) | 200 OK [http://158.119.147.40/contacts]
  [4;36;1mSQL (3.6ms)[0m   [0;1m SELECT name
 FROM sqlite_master
 WHERE type = 'table' AND NOT name = 'sqlite_sequence'
[0m
  [4;35;1mSQL (1.4ms)[0m   [0m SELECT name
 FROM sqlite_master
 WHERE type = 'table' AND NOT name = 'sqlite_sequence'
[0m
  [4;36;1mSQL (1.6ms)[0m   [0;1m SELECT name
 FROM sqlite_master
 WHERE type = 'table' AND NOT name = 'sqlite_sequence'
[0m


Processing ContactsController#new (for 158.119.175.40 at 2010-06-23 12:41:21) [GET]
  [4;35;1mUser Load (1.9ms)[0m   [0mSELECT * FROM "users" WHERE ("users"."id" = 1) [0m
  [4;36;1mUser Load (1.8ms)[0m   [0;1mSELECT * FROM "users" LIMIT 30[0m
Completed in 633ms (View: 622, DB: 10) | 200 OK [http://158.119.147.40/contacts/new]
  [4;35;1mSQL (3.7ms)[0m   [0m SELECT name
 FROM sqlite_master
 WHERE type = 'table' AND NOT name = 'sqlite_sequence'
[0m
  [4;36;1mSQL (1.5ms)[0m   [0;1m SELECT name
 FROM sqlite_master
 WHERE type = 'table' AND NOT name = 'sqlite_sequence'
[0m
  [4;35;1mSQL (1.5ms)[0m   [0m SELECT name
 FROM sqlite_master
 WHERE type = 'table' AND NOT name = 'sqlite_sequence'
[0m


Processing ContactsController#create (for 158.119.175.40 at 2010-06-23 12:41:27) [POST]
  Parameters: {"page_path"=>"contacts/new", "authenticity_token"=>"QAzBOq536TGiK6fMbcTrk/18U6YM71hAo0lp4pqU5cA=", "contact"=>{"company"=>"ghfghgfhfghgfhfg", "name"=>"fdhgfhfghfgh"}}
  [4;36;1mUser Load (1.8ms)[0m   [0;1mSELECT * FROM "users" WHERE ("users"."id" = 1) [0m
  [4;35;1mContact Create (4.7ms)[0m   [0mINSERT INTO "contacts" ("name", "company", "updated_at", "created_at") VALUES('fdhgfhfghfgh', 'ghfghgfhfghgfhfg', '2010-06-23 11:41:27', '2010-06-23 11:41:27')[0m
Redirected to http://158.119.147.40:8080/contacts/2-fdhgfhfghfgh
Completed in 54ms (DB: 13) | 302 Found [http://158.119.147.40/contacts]
  [4;36;1mSQL (3.8ms)[0m   [0;1m SELECT name
 FROM sqlite_master
 WHERE type = 'table' AND NOT name = 'sqlite_sequence'
[0m
  [4;35;1mSQL (1.4ms)[0m   [0m SELECT name
 FROM sqlite_master
 WHERE type = 'table' AND NOT name = 'sqlite_sequence'
[0m
  [4;36;1mSQL (1.5ms)[0m   [0;1m SELECT name
 FROM sqlite_master
 WHERE type = 'table' AND NOT name = 'sqlite_sequence'
[0m


Processing ContactsController#show (for 158.119.175.40 at 2010-06-23 12:41:27) [GET]
  Parameters: {"id"=>"2-fdhgfhfghfgh"}
  [4;35;1mUser Load (2.1ms)[0m   [0mSELECT * FROM "users" WHERE ("users"."id" = 1) [0m
  [4;36;1mContact Load (1.9ms)[0m   [0;1mSELECT * FROM "contacts" WHERE ("contacts"."id" = 2) [0m
  [4;35;1mUser Load (1.9ms)[0m   [0mSELECT * FROM "users" LIMIT 30[0m
Completed in 484ms (View: 470, DB: 13) | 200 OK [http://158.119.147.40/contacts/2-fdhgfhfghfgh]
  [4;36;1mSQL (3.7ms)[0m   [0;1m SELECT name
 FROM sqlite_master
 WHERE type = 'table' AND NOT name = 'sqlite_sequence'
[0m
  [4;35;1mSQL (1.5ms)[0m   [0m SELECT name
 FROM sqlite_master
 WHERE type = 'table' AND NOT name = 'sqlite_sequence'
[0m
  [4;36;1mSQL (1.5ms)[0m   [0;1m SELECT name
 FROM sqlite_master
 WHERE type = 'table' AND NOT name = 'sqlite_sequence'
[0m


Processing ContactsController#index (for 158.119.175.40 at 2010-06-23 12:41:40) [GET]
  [4;35;1mUser Load (2.0ms)[0m   [0mSELECT * FROM "users" WHERE ("users"."id" = 1) [0m
  [4;36;1mContact Load (1.8ms)[0m   [0;1mSELECT * FROM "contacts" LIMIT 30 OFFSET 0[0m
  [4;35;1mUser Load (1.9ms)[0m   [0mSELECT * FROM "users" LIMIT 30[0m
Completed in 520ms (View: 505, DB: 12) | 200 OK [http://158.119.147.40/contacts]
  [4;36;1mSQL (3.6ms)[0m   [0;1m SELECT name
 FROM sqlite_master
 WHERE type = 'table' AND NOT name = 'sqlite_sequence'
[0m
  [4;35;1mSQL (1.5ms)[0m   [0m SELECT name
 FROM sqlite_master
 WHERE type = 'table' AND NOT name = 'sqlite_sequence'
[0m
  [4;36;1mSQL (1.6ms)[0m   [0;1m SELECT name
 FROM sqlite_master
 WHERE type = 'table' AND NOT name = 'sqlite_sequence'
[0m


Processing ContactsController#show (for 158.119.175.40 at 2010-06-23 12:41:47) [GET]
  Parameters: {"id"=>"1-hfdhgfhgffh"}
  [4;35;1mUser Load (2.2ms)[0m   [0mSELECT * FROM "users" WHERE ("users"."id" = 1) [0m
  [4;36;1mContact Load (1.8ms)[0m   [0;1mSELECT * FROM "contacts" WHERE ("contacts"."id" = 1) [0m
  [4;35;1mUser Load (1.8ms)[0m   [0mSELECT * FROM "users" LIMIT 30[0m
Completed in 495ms (View: 481, DB: 13) | 200 OK [http://158.119.147.40/contacts/1-hfdhgfhgffh]
  [4;36;1mSQL (3.7ms)[0m   [0;1m SELECT name
 FROM sqlite_master
 WHERE type = 'table' AND NOT name = 'sqlite_sequence'
[0m
  [4;35;1mSQL (1.5ms)[0m   [0m SELECT name
 FROM sqlite_master
 WHERE type = 'table' AND NOT name = 'sqlite_sequence'
[0m
  [4;36;1mSQL (1.6ms)[0m   [0;1m SELECT name
 FROM sqlite_master
 WHERE type = 'table' AND NOT name = 'sqlite_sequence'
[0m


Processing ContactsController#edit (for 158.119.175.40 at 2010-06-23 12:41:51) [GET]
  Parameters: {"id"=>"1-hfdhgfhgffh"}
  [4;35;1mUser Load (1.8ms)[0m   [0mSELECT * FROM "users" WHERE ("users"."id" = 1) [0m
  [4;36;1mContact Load (1.8ms)[0m   [0;1mSELECT * FROM "contacts" WHERE ("contacts"."id" = 1) [0m
  [4;35;1mUser Load (2.0ms)[0m   [0mSELECT * FROM "users" LIMIT 30[0m
Completed in 517ms (View: 504, DB: 12) | 200 OK [http://158.119.147.40/contacts/1-hfdhgfhgffh/edit]
  [4;36;1mSQL (3.8ms)[0m   [0;1m SELECT name
 FROM sqlite_master
 WHERE type = 'table' AND NOT name = 'sqlite_sequence'
[0m
  [4;35;1mSQL (1.5ms)[0m   [0m SELECT name
 FROM sqlite_master
 WHERE type = 'table' AND NOT name = 'sqlite_sequence'
[0m
  [4;36;1mSQL (1.5ms)[0m   [0;1m SELECT name
 FROM sqlite_master
 WHERE type = 'table' AND NOT name = 'sqlite_sequence'
[0m


Processing ContactsController#update (for 158.119.175.40 at 2010-06-23 12:41:57) [PUT]
  Parameters: {"page_path"=>"contacts/edit", "authenticity_token"=>"QAzBOq536TGiK6fMbcTrk/18U6YM71hAo0lp4pqU5cA=", "contact"=>{"company"=>"gfhfghgfhfghgfh", "name"=>"hfdhgfhgffh fdgdfgfdgfdgfdg"}, "id"=>"1-hfdhgfhgffh"}
  [4;35;1mUser Load (2.4ms)[0m   [0mSELECT * FROM "users" WHERE ("users"."id" = 1) [0m
  [4;36;1mContact Load (2.5ms)[0m   [0;1mSELECT * FROM "contacts" WHERE ("contacts"."id" = 1) [0m
  [4;35;1mContact Update (6.1ms)[0m   [0mUPDATE "contacts" SET "name" = 'hfdhgfhgffh fdgdfgfdgfdgfdg', "updated_at" = '2010-06-23 11:41:57' WHERE "id" = 1[0m
Redirected to http://158.119.147.40:8080/contacts/1-hfdhgfhgffh-fdgdfgfdgfdgfdg
Completed in 71ms (DB: 18) | 302 Found [http://158.119.147.40/contacts/1-hfdhgfhgffh]
  [4;36;1mSQL (3.8ms)[0m   [0;1m SELECT name
 FROM sqlite_master
 WHERE type = 'table' AND NOT name = 'sqlite_sequence'
[0m
  [4;35;1mSQL (1.4ms)[0m   [0m SELECT name
 FROM sqlite_master
 WHERE type = 'table' AND NOT name = 'sqlite_sequence'
[0m
  [4;36;1mSQL (1.7ms)[0m   [0;1m SELECT name
 FROM sqlite_master
 WHERE type = 'table' AND NOT name = 'sqlite_sequence'
[0m


Processing ContactsController#show (for 158.119.175.40 at 2010-06-23 12:41:57) [GET]
  Parameters: {"id"=>"1-hfdhgfhgffh-fdgdfgfdgfdgfdg"}
  [4;35;1mUser Load (2.1ms)[0m   [0mSELECT * FROM "users" WHERE ("users"."id" = 1) [0m
  [4;36;1mContact Load (1.8ms)[0m   [0;1mSELECT * FROM "contacts" WHERE ("contacts"."id" = 1) [0m
  [4;35;1mUser Load (1.9ms)[0m   [0mSELECT * FROM "users" LIMIT 30[0m
Completed in 501ms (View: 488, DB: 13) | 200 OK [http://158.119.147.40/contacts/1-hfdhgfhgffh-fdgdfgfdgfdgfdg]
  [4;36;1mSQL (3.6ms)[0m   [0;1m SELECT name
 FROM sqlite_master
 WHERE type = 'table' AND NOT name = 'sqlite_sequence'
[0m
  [4;35;1mSQL (1.5ms)[0m   [0m SELECT name
 FROM sqlite_master
 WHERE type = 'table' AND NOT name = 'sqlite_sequence'
[0m
  [4;36;1mSQL (1.7ms)[0m   [0;1m SELECT name
 FROM sqlite_master
 WHERE type = 'table' AND NOT name = 'sqlite_sequence'
[0m


Processing FrontController#search (for 158.119.175.40 at 2010-06-23 12:42:40) [GET]
  Parameters: {"query"=>"hfd"}
  [4;35;1mUser Load (1.9ms)[0m   [0mSELECT * FROM "users" WHERE ("users"."id" = 1) [0m
  [4;36;1mContact Load (1.7ms)[0m   [0;1mSELECT * FROM "contacts" WHERE ((name like '%hfd%')) [0m
  [4;35;1mUser Load (1.2ms)[0m   [0mSELECT * FROM "users" WHERE ((name like '%hfd%')) [0m
Completed in 311ms (View: 2, DB: 12) | 200 OK [http://158.119.147.40/search?query=hfd]
  [4;36;1mSQL (3.9ms)[0m   [0;1m SELECT name
 FROM sqlite_master
 WHERE type = 'table' AND NOT name = 'sqlite_sequence'
[0m
  [4;35;1mSQL (1.6ms)[0m   [0m SELECT name
 FROM sqlite_master
 WHERE type = 'table' AND NOT name = 'sqlite_sequence'
[0m
  [4;36;1mSQL (1.6ms)[0m   [0;1m SELECT name
 FROM sqlite_master
 WHERE type = 'table' AND NOT name = 'sqlite_sequence'
[0m


Processing ContactsController#show (for 158.119.175.40 at 2010-06-23 12:42:43) [GET]
  Parameters: {"id"=>"1-hfdhgfhgffh-fdgdfgfdgfdgfdg"}
  [4;35;1mUser Load (1.9ms)[0m   [0mSELECT * FROM "users" WHERE ("users"."id" = 1) [0m
  [4;36;1mContact Load (1.8ms)[0m   [0;1mSELECT * FROM "contacts" WHERE ("contacts"."id" = 1) [0m
  [4;35;1mUser Load (1.9ms)[0m   [0mSELECT * FROM "users" LIMIT 30[0m
Completed in 514ms (View: 501, DB: 13) | 200 OK [http://158.119.147.40/contacts/1-hfdhgfhgffh-fdgdfgfdgfdgfdg]
  [4;36;1mSQL (3.6ms)[0m   [0;1m SELECT name
 FROM sqlite_master
 WHERE type = 'table' AND NOT name = 'sqlite_sequence'
[0m
  [4;35;1mSQL (1.4ms)[0m   [0mSELECT version FROM schema_migrations[0m
  [4;36;1mSQL (1.6ms)[0m   [0;1m SELECT name
 FROM sqlite_master
 WHERE type = 'table' AND NOT name = 'sqlite_sequence'
[0m
  [4;35;1mSQL (1.8ms)[0m   [0m SELECT name
 FROM sqlite_master
 WHERE type = 'table' AND NOT name = 'sqlite_sequence'
[0m
  [4;36;1mSQL (1.8ms)[0m   [0;1m SELECT name
 FROM sqlite_master
 WHERE type = 'table' AND NOT name = 'sqlite_sequence'
[0m
  [4;35;1mSQL (0.3ms)[0m   [0mselect sqlite_version(*)[0m
  [4;36;1mSQL (0.4ms)[0m   [0;1mPRAGMA index_list("users")[0m
  [4;35;1mSQL (0.3ms)[0m   [0mPRAGMA index_info('index_users_on_state')[0m
  [4;36;1mSQL (0.1ms)[0m   [0;1mPRAGMA index_list("contacts")[0m
  [4;36;1mSQL (3.9ms)[0m   [0;1m SELECT name
 FROM sqlite_master
 WHERE type = 'table' AND NOT name = 'sqlite_sequence'
[0m
  [4;35;1mSQL (1.5ms)[0m   [0m SELECT name
 FROM sqlite_master
 WHERE type = 'table' AND NOT name = 'sqlite_sequence'
[0m
  [4;36;1mSQL (1.7ms)[0m   [0;1m SELECT name
 FROM sqlite_master
 WHERE type = 'table' AND NOT name = 'sqlite_sequence'
[0m
  [4;35;1mSQL (1.3ms)[0m   [0mSELECT version FROM schema_migrations[0m
Migrating to InitialDbCreation (20100623101531)
Migrating to AddContactModel (20100623114015)
Migrating to ExpandContact (20100623114500)
  [4;36;1mSQL (0.2ms)[0m   [0;1mselect sqlite_version(*)[0m
  [4;35;1mSQL (5.1ms)[0m   [0mALTER TABLE "contacts" ADD "address_1" varchar(255)[0m
  [4;36;1mSQL (0.3ms)[0m   [0;1mALTER TABLE "contacts" ADD "address_2" varchar(255)[0m
  [4;35;1mSQL (0.3ms)[0m   [0mALTER TABLE "contacts" ADD "city" varchar(255)[0m
  [4;36;1mSQL (0.3ms)[0m   [0;1mALTER TABLE "contacts" ADD "state" varchar(255)[0m
  [4;35;1mSQL (0.3ms)[0m   [0mALTER TABLE "contacts" ADD "date_met" date[0m
  [4;36;1mSQL (0.3ms)[0m   [0;1mALTER TABLE "contacts" ADD "married" boolean[0m
  [4;35;1mSQL (0.4ms)[0m   [0mALTER TABLE "contacts" ADD "age" integer[0m
  [4;36;1mSQL (0.4ms)[0m   [0;1mALTER TABLE "contacts" ADD "notes" text[0m
  [4;35;1mSQL (0.6ms)[0m   [0mINSERT INTO schema_migrations (version) VALUES ('20100623114500')[0m
  [4;36;1mSQL (1.7ms)[0m   [0;1m SELECT name
 FROM sqlite_master
 WHERE type = 'table' AND NOT name = 'sqlite_sequence'
[0m
  [4;35;1mSQL (1.5ms)[0m   [0mSELECT version FROM schema_migrations[0m
  [4;36;1mSQL (1.5ms)[0m   [0;1m SELECT name
 FROM sqlite_master
 WHERE type = 'table' AND NOT name = 'sqlite_sequence'
[0m
  [4;35;1mSQL (0.1ms)[0m   [0mPRAGMA index_list("contacts")[0m
  [4;36;1mSQL (0.3ms)[0m   [0;1mPRAGMA index_list("users")[0m
  [4;35;1mSQL (0.2ms)[0m   [0mPRAGMA index_info('index_users_on_state')[0m
  [4;36;1mSQL (3.8ms)[0m   [0;1m SELECT name
 FROM sqlite_master
 WHERE type = 'table' AND NOT name = 'sqlite_sequence'
[0m
  [4;35;1mSQL (1.5ms)[0m   [0m SELECT name
 FROM sqlite_master
 WHERE type = 'table' AND NOT name = 'sqlite_sequence'
[0m
  [4;36;1mSQL (1.7ms)[0m   [0;1m SELECT name
 FROM sqlite_master
 WHERE type = 'table' AND NOT name = 'sqlite_sequence'
[0m


Processing ContactsController#index (for 158.119.175.40 at 2010-06-23 12:45:50) [GET]
  [4;35;1mUser Load (1.9ms)[0m   [0mSELECT * FROM "users" WHERE ("users"."id" = 1) [0m
  [4;36;1mContact Load (2.2ms)[0m   [0;1mSELECT * FROM "contacts" LIMIT 30 OFFSET 0[0m
  DRYML: Compiled /home/f0/paul/.gem/ruby/1.8/gems/hobo-1.0.1/taglibs/core.dryml in 0.05s
  DRYML: Compiled /home/f0/paul/.gem/ruby/1.8/gems/hobo-1.0.1/taglibs/rapid_core.dryml in 0.27s
  DRYML: Compiled /home/f0/paul/.gem/ruby/1.8/gems/hobo-1.0.1/taglibs/rapid_support.dryml in 0.02s
  DRYML: Compiled /home/f0/paul/.gem/ruby/1.8/gems/hobo-1.0.1/taglibs/rapid_document_tags.dryml in 0.05s
  DRYML: Compiled /home/f0/paul/.gem/ruby/1.8/gems/hobo-1.0.1/taglibs/rapid_pages.dryml in 0.26s
  DRYML: Compiled /home/f0/paul/.gem/ruby/1.8/gems/hobo-1.0.1/taglibs/rapid_editing.dryml in 0.18s
  DRYML: Compiled /home/f0/paul/.gem/ruby/1.8/gems/hobo-1.0.1/taglibs/rapid_forms.dryml in 0.46s
  DRYML: Compiled /home/f0/paul/.gem/ruby/1.8/gems/hobo-1.0.1/taglibs/rapid_navigation.dryml in 0.07s
  DRYML: Compiled /home/f0/paul/.gem/ruby/1.8/gems/hobo-1.0.1/taglibs/rapid_plus.dryml in 0.22s
  DRYML: Compiled /home/f0/paul/.gem/ruby/1.8/gems/hobo-1.0.1/taglibs/rapid_generics.dryml in 0.04s
  DRYML: Compiled /home/f0/paul/.gem/ruby/1.8/gems/hobo-1.0.1/taglibs/rapid_lifecycles.dryml in 0.01s
  DRYML: Compiled /home/f0/paul/.gem/ruby/1.8/gems/hobo-1.0.1/taglibs/rapid_summary.dryml in 0.25s
  DRYML: Compiled /home/f0/paul/.gem/ruby/1.8/gems/hobo-1.0.1/taglibs/rapid_user_pages.dryml in 0.29s
  DRYML: Compiled /home/f0/paul/.gem/ruby/1.8/gems/hobo-1.0.1/taglibs/rapid.dryml in 2.15s
  DRYML: Compiled app/views/taglibs/auto/rapid/cards.dryml in 0.02s
  DRYML: Compiled app/views/taglibs/auto/rapid/pages.dryml in 0.46s
  DRYML: Compiled app/views/taglibs/auto/rapid/forms.dryml in 0.07s
  DRYML: Compiled app/views/taglibs/themes/clean/clean.dryml in 0.02s
  DRYML: Compiled app/views/taglibs/application.dryml in 2.83s
  [4;35;1mUser Load (2.3ms)[0m   [0mSELECT * FROM "users" LIMIT 30[0m
Completed in 3137ms (View: 3123, DB: 8) | 200 OK [http://158.119.147.40/contacts]
  [4;36;1mSQL (3.7ms)[0m   [0;1m SELECT name
 FROM sqlite_master
 WHERE type = 'table' AND NOT name = 'sqlite_sequence'
[0m
  [4;35;1mSQL (1.4ms)[0m   [0m SELECT name
 FROM sqlite_master
 WHERE type = 'table' AND NOT name = 'sqlite_sequence'
[0m
  [4;36;1mSQL (1.7ms)[0m   [0;1m SELECT name
 FROM sqlite_master
 WHERE type = 'table' AND NOT name = 'sqlite_sequence'
[0m


Processing ContactsController#show (for 158.119.175.40 at 2010-06-23 12:45:56) [GET]
  Parameters: {"id"=>"1-hfdhgfhgffh-fdgdfgfdgfdgfdg"}
  [4;35;1mUser Load (2.0ms)[0m   [0mSELECT * FROM "users" WHERE ("users"."id" = 1) [0m
  [4;36;1mContact Load (1.8ms)[0m   [0;1mSELECT * FROM "contacts" WHERE ("contacts"."id" = 1) [0m
  [4;35;1mUser Load (1.8ms)[0m   [0mSELECT * FROM "users" LIMIT 30[0m
Completed in 666ms (View: 653, DB: 12) | 200 OK [http://158.119.147.40/contacts/1-hfdhgfhgffh-fdgdfgfdgfdgfdg]
  [4;36;1mSQL (3.7ms)[0m   [0;1m SELECT name
 FROM sqlite_master
 WHERE type = 'table' AND NOT name = 'sqlite_sequence'
[0m
  [4;35;1mSQL (1.6ms)[0m   [0m SELECT name
 FROM sqlite_master
 WHERE type = 'table' AND NOT name = 'sqlite_sequence'
[0m
  [4;36;1mSQL (1.6ms)[0m   [0;1m SELECT name
 FROM sqlite_master
 WHERE type = 'table' AND NOT name = 'sqlite_sequence'
[0m


Processing ContactsController#edit (for 158.119.175.40 at 2010-06-23 12:46:00) [GET]
  Parameters: {"id"=>"1-hfdhgfhgffh-fdgdfgfdgfdgfdg"}
  [4;35;1mUser Load (1.8ms)[0m   [0mSELECT * FROM "users" WHERE ("users"."id" = 1) [0m
  [4;36;1mContact Load (1.8ms)[0m   [0;1mSELECT * FROM "contacts" WHERE ("contacts"."id" = 1) [0m
  [4;35;1mUser Load (1.8ms)[0m   [0mSELECT * FROM "users" LIMIT 30[0m
Completed in 936ms (View: 923, DB: 12) | 200 OK [http://158.119.147.40/contacts/1-hfdhgfhgffh-fdgdfgfdgfdgfdg/edit]
  [4;36;1mSQL (3.7ms)[0m   [0;1m SELECT name
 FROM sqlite_master
 WHERE type = 'table' AND NOT name = 'sqlite_sequence'
[0m
  [4;35;1mSQL (1.5ms)[0m   [0m SELECT name
 FROM sqlite_master
 WHERE type = 'table' AND NOT name = 'sqlite_sequence'
[0m
  [4;36;1mSQL (1.6ms)[0m   [0;1m SELECT name
 FROM sqlite_master
 WHERE type = 'table' AND NOT name = 'sqlite_sequence'
[0m


Processing ContactsController#update (for 158.119.175.40 at 2010-06-23 12:46:14) [PUT]
  Parameters: {"page_path"=>"contacts/edit", "authenticity_token"=>"QAzBOq536TGiK6fMbcTrk/18U6YM71hAo0lp4pqU5cA=", "contact"=>{"date_met"=>{"month"=>"6", "day"=>"23", "year"=>"2012"}, "city"=>"", "company"=>"gfhfghgfhfghgfh", "name"=>"hfdhgfhgffh fdgdfgfdgfdgfdg", "married"=>"1", "notes"=>"", "address_1"=>"", "address_2"=>"", "age"=>"asfdasfd", "state"=>""}, "id"=>"1-hfdhgfhgffh-fdgdfgfdgfdgfdg"}
  [4;35;1mUser Load (1.8ms)[0m   [0mSELECT * FROM "users" WHERE ("users"."id" = 1) [0m
  [4;36;1mContact Load (2.1ms)[0m   [0;1mSELECT * FROM "contacts" WHERE ("contacts"."id" = 1) [0m
  [4;35;1mContact Update (3.6ms)[0m   [0mUPDATE "contacts" SET "address_2" = '', "address_1" = '', "date_met" = '2012-06-23', "city" = '', "married" = 't', "notes" = '', "state" = '', "age" = 0, "updated_at" = '2010-06-23 11:46:14' WHERE "id" = 1[0m
Redirected to http://158.119.147.40:8080/contacts/1-hfdhgfhgffh-fdgdfgfdgfdgfdg
Completed in 71ms (DB: 14) | 302 Found [http://158.119.147.40/contacts/1-hfdhgfhgffh-fdgdfgfdgfdgfdg]
  [4;36;1mSQL (3.7ms)[0m   [0;1m SELECT name
 FROM sqlite_master
 WHERE type = 'table' AND NOT name = 'sqlite_sequence'
[0m
  [4;35;1mSQL (1.4ms)[0m   [0m SELECT name
 FROM sqlite_master
 WHERE type = 'table' AND NOT name = 'sqlite_sequence'
[0m
  [4;36;1mSQL (1.6ms)[0m   [0;1m SELECT name
 FROM sqlite_master
 WHERE type = 'table' AND NOT name = 'sqlite_sequence'
[0m


Processing ContactsController#show (for 158.119.175.40 at 2010-06-23 12:46:15) [GET]
  Parameters: {"id"=>"1-hfdhgfhgffh-fdgdfgfdgfdgfdg"}
  [4;35;1mUser Load (1.8ms)[0m   [0mSELECT * FROM "users" WHERE ("users"."id" = 1) [0m
  [4;36;1mContact Load (2.0ms)[0m   [0;1mSELECT * FROM "contacts" WHERE ("contacts"."id" = 1) [0m
  [4;35;1mUser Load (1.7ms)[0m   [0mSELECT * FROM "users" LIMIT 30[0m
Completed in 591ms (View: 577, DB: 12) | 200 OK [http://158.119.147.40/contacts/1-hfdhgfhgffh-fdgdfgfdgfdgfdg]
  [4;36;1mSQL (3.6ms)[0m   [0;1m SELECT name
 FROM sqlite_master
 WHERE type = 'table' AND NOT name = 'sqlite_sequence'
[0m
  [4;35;1mSQL (1.4ms)[0m   [0mSELECT version FROM schema_migrations[0m
  [4;36;1mSQL (1.7ms)[0m   [0;1m SELECT name
 FROM sqlite_master
 WHERE type = 'table' AND NOT name = 'sqlite_sequence'
[0m
  [4;35;1mSQL (1.4ms)[0m   [0m SELECT name
 FROM sqlite_master
 WHERE type = 'table' AND NOT name = 'sqlite_sequence'
[0m
  [4;36;1mSQL (1.6ms)[0m   [0;1m SELECT name
 FROM sqlite_master
 WHERE type = 'table' AND NOT name = 'sqlite_sequence'
[0m
  [4;35;1mSQL (0.3ms)[0m   [0mselect sqlite_version(*)[0m
  [4;36;1mSQL (0.2ms)[0m   [0;1mPRAGMA index_list("users")[0m
  [4;35;1mSQL (0.2ms)[0m   [0mPRAGMA index_info('index_users_on_state')[0m
  [4;36;1mSQL (0.1ms)[0m   [0;1mPRAGMA index_list("contacts")[0m
  [4;36;1mSQL (3.7ms)[0m   [0;1m SELECT name
 FROM sqlite_master
 WHERE type = 'table' AND NOT name = 'sqlite_sequence'
[0m
  [4;35;1mSQL (1.4ms)[0m   [0m SELECT name
 FROM sqlite_master
 WHERE type = 'table' AND NOT name = 'sqlite_sequence'
[0m
  [4;36;1mSQL (1.6ms)[0m   [0;1m SELECT name
 FROM sqlite_master
 WHERE type = 'table' AND NOT name = 'sqlite_sequence'
[0m
  [4;35;1mSQL (1.5ms)[0m   [0mSELECT version FROM schema_migrations[0m
Migrating to InitialDbCreation (20100623101531)
Migrating to AddContactModel (20100623114015)
Migrating to ExpandContact (20100623114500)
Migrating to AddIsolate (20100623114900)
  [4;36;1mSQL (0.2ms)[0m   [0;1mselect sqlite_version(*)[0m
  [4;35;1mSQL (4.3ms)[0m   [0mCREATE TABLE "isolates" ("id" INTEGER PRIMARY KEY AUTOINCREMENT NOT NULL, "identifier" varchar(255), "source" varchar(255), "title" varchar(255), "description" varchar(255), "created_at" datetime, "updated_at" datetime) [0m
  [4;36;1mSQL (0.7ms)[0m   [0;1mINSERT INTO schema_migrations (version) VALUES ('20100623114900')[0m
  [4;35;1mSQL (1.8ms)[0m   [0m SELECT name
 FROM sqlite_master
 WHERE type = 'table' AND NOT name = 'sqlite_sequence'
[0m
  [4;36;1mSQL (1.4ms)[0m   [0;1mSELECT version FROM schema_migrations[0m
  [4;35;1mSQL (1.5ms)[0m   [0m SELECT name
 FROM sqlite_master
 WHERE type = 'table' AND NOT name = 'sqlite_sequence'
[0m
  [4;36;1mSQL (0.1ms)[0m   [0;1mPRAGMA index_list("contacts")[0m
  [4;35;1mSQL (0.1ms)[0m   [0mPRAGMA index_list("isolates")[0m
  [4;36;1mSQL (0.2ms)[0m   [0;1mPRAGMA index_list("users")[0m
  [4;35;1mSQL (0.2ms)[0m   [0mPRAGMA index_info('index_users_on_state')[0m
  [4;36;1mSQL (5.0ms)[0m   [0;1m SELECT name
 FROM sqlite_master
 WHERE type = 'table' AND NOT name = 'sqlite_sequence'
[0m
  [4;35;1mSQL (1.7ms)[0m   [0m SELECT name
 FROM sqlite_master
 WHERE type = 'table' AND NOT name = 'sqlite_sequence'
[0m
  [4;36;1mSQL (4.1ms)[0m   [0;1m SELECT name
 FROM sqlite_master
 WHERE type = 'table' AND NOT name = 'sqlite_sequence'
[0m
  [4;35;1mSQL (1.6ms)[0m   [0m SELECT name
 FROM sqlite_master
 WHERE type = 'table' AND NOT name = 'sqlite_sequence'
[0m
  [4;36;1mSQL (1.6ms)[0m   [0;1m SELECT name
 FROM sqlite_master
 WHERE type = 'table' AND NOT name = 'sqlite_sequence'
[0m
  [4;35;1mSQL (1.4ms)[0m   [0m SELECT name
 FROM sqlite_master
 WHERE type = 'table' AND NOT name = 'sqlite_sequence'
[0m


Processing FrontController#index (for 158.119.175.40 at 2010-06-23 13:22:27) [GET]
  [4;36;1mUser Load (1.8ms)[0m   [0;1mSELECT * FROM "users" WHERE ("users"."id" = 1) [0m
Rendering front/index
  DRYML: Compiled /home/f0/paul/.gem/ruby/1.8/gems/hobo-1.0.1/taglibs/core.dryml in 0.03s
  DRYML: Compiled /home/f0/paul/.gem/ruby/1.8/gems/hobo-1.0.1/taglibs/rapid_core.dryml in 0.26s
  DRYML: Compiled /home/f0/paul/.gem/ruby/1.8/gems/hobo-1.0.1/taglibs/rapid_support.dryml in 0.02s
  DRYML: Compiled /home/f0/paul/.gem/ruby/1.8/gems/hobo-1.0.1/taglibs/rapid_document_tags.dryml in 0.14s
  DRYML: Compiled /home/f0/paul/.gem/ruby/1.8/gems/hobo-1.0.1/taglibs/rapid_pages.dryml in 0.27s
  DRYML: Compiled /home/f0/paul/.gem/ruby/1.8/gems/hobo-1.0.1/taglibs/rapid_editing.dryml in 0.11s
  DRYML: Compiled /home/f0/paul/.gem/ruby/1.8/gems/hobo-1.0.1/taglibs/rapid_forms.dryml in 0.47s
  DRYML: Compiled /home/f0/paul/.gem/ruby/1.8/gems/hobo-1.0.1/taglibs/rapid_navigation.dryml in 0.17s
  DRYML: Compiled /home/f0/paul/.gem/ruby/1.8/gems/hobo-1.0.1/taglibs/rapid_plus.dryml in 0.12s
  DRYML: Compiled /home/f0/paul/.gem/ruby/1.8/gems/hobo-1.0.1/taglibs/rapid_generics.dryml in 0.15s
  DRYML: Compiled /home/f0/paul/.gem/ruby/1.8/gems/hobo-1.0.1/taglibs/rapid_lifecycles.dryml in 0.01s
  DRYML: Compiled /home/f0/paul/.gem/ruby/1.8/gems/hobo-1.0.1/taglibs/rapid_summary.dryml in 0.14s
  DRYML: Compiled /home/f0/paul/.gem/ruby/1.8/gems/hobo-1.0.1/taglibs/rapid_user_pages.dryml in 0.41s
  DRYML: Compiled /home/f0/paul/.gem/ruby/1.8/gems/hobo-1.0.1/taglibs/rapid.dryml in 2.30s
  DRYML: Compiled app/views/taglibs/auto/rapid/cards.dryml in 0.05s
  DRYML: Compiled app/views/taglibs/auto/rapid/pages.dryml in 0.55s
  DRYML: Compiled app/views/taglibs/auto/rapid/forms.dryml in 0.07s
  DRYML: Compiled app/views/taglibs/themes/clean/clean.dryml in 0.13s
  DRYML: Compiled app/views/taglibs/application.dryml in 3.12s
  DRYML: Compiled app/views/front/index.dryml in 3.19s
  [4;35;1mUser Load (1.9ms)[0m   [0mSELECT * FROM "users" LIMIT 30[0m
  [4;36;1mSQL (1.8ms)[0m   [0;1mSELECT count(*) AS count_all FROM "users" [0m
Completed in 3416ms (View: 3404, DB: 9) | 200 OK [http://158.119.147.40/]
  [4;35;1mSQL (4.1ms)[0m   [0m SELECT name
 FROM sqlite_master
 WHERE type = 'table' AND NOT name = 'sqlite_sequence'
[0m
  [4;36;1mSQL (1.8ms)[0m   [0;1m SELECT name
 FROM sqlite_master
 WHERE type = 'table' AND NOT name = 'sqlite_sequence'
[0m
  [4;35;1mSQL (2.2ms)[0m   [0m SELECT name
 FROM sqlite_master
 WHERE type = 'table' AND NOT name = 'sqlite_sequence'
[0m
  [4;36;1mSQL (2.0ms)[0m   [0;1m SELECT name
 FROM sqlite_master
 WHERE type = 'table' AND NOT name = 'sqlite_sequence'
[0m


Processing ContactsController#index (for 158.119.175.40 at 2010-06-23 13:22:36) [GET]
  [4;35;1mUser Load (2.4ms)[0m   [0mSELECT * FROM "users" WHERE ("users"."id" = 1) [0m
  [4;36;1mContact Load (3.1ms)[0m   [0;1mSELECT * FROM "contacts" LIMIT 30 OFFSET 0[0m
  [4;35;1mUser Load (2.4ms)[0m   [0mSELECT * FROM "users" LIMIT 30[0m
Completed in 838ms (View: 816, DB: 18) | 200 OK [http://158.119.147.40/contacts]
  [4;36;1mSQL (3.9ms)[0m   [0;1m SELECT name
 FROM sqlite_master
 WHERE type = 'table' AND NOT name = 'sqlite_sequence'
[0m
  [4;35;1mSQL (1.4ms)[0m   [0m SELECT name
 FROM sqlite_master
 WHERE type = 'table' AND NOT name = 'sqlite_sequence'
[0m
  [4;36;1mSQL (1.6ms)[0m   [0;1m SELECT name
 FROM sqlite_master
 WHERE type = 'table' AND NOT name = 'sqlite_sequence'
[0m
  [4;35;1mSQL (1.6ms)[0m   [0m SELECT name
 FROM sqlite_master
 WHERE type = 'table' AND NOT name = 'sqlite_sequence'
[0m


Processing ContactsController#show (for 158.119.175.40 at 2010-06-23 13:22:39) [GET]
  Parameters: {"id"=>"1-hfdhgfhgffh-fdgdfgfdgfdgfdg"}
  [4;36;1mUser Load (2.1ms)[0m   [0;1mSELECT * FROM "users" WHERE ("users"."id" = 1) [0m
  [4;35;1mContact Load (2.2ms)[0m   [0mSELECT * FROM "contacts" WHERE ("contacts"."id" = 1) [0m
  [4;36;1mUser Load (2.1ms)[0m   [0;1mSELECT * FROM "users" LIMIT 30[0m
Completed in 603ms (View: 588, DB: 15) | 200 OK [http://158.119.147.40/contacts/1-hfdhgfhgffh-fdgdfgfdgfdgfdg]
  [4;35;1mSQL (4.0ms)[0m   [0m SELECT name
 FROM sqlite_master
 WHERE type = 'table' AND NOT name = 'sqlite_sequence'
[0m
  [4;36;1mSQL (1.8ms)[0m   [0;1m SELECT name
 FROM sqlite_master
 WHERE type = 'table' AND NOT name = 'sqlite_sequence'
[0m
  [4;35;1mSQL (1.5ms)[0m   [0m SELECT name
 FROM sqlite_master
 WHERE type = 'table' AND NOT name = 'sqlite_sequence'
[0m
  [4;36;1mSQL (1.6ms)[0m   [0;1m SELECT name
 FROM sqlite_master
 WHERE type = 'table' AND NOT name = 'sqlite_sequence'
[0m


Processing ContactsController#edit (for 158.119.175.40 at 2010-06-23 13:23:05) [GET]
  Parameters: {"id"=>"1-hfdhgfhgffh-fdgdfgfdgfdgfdg"}
  [4;35;1mUser Load (1.8ms)[0m   [0mSELECT * FROM "users" WHERE ("users"."id" = 1) [0m
  [4;36;1mContact Load (2.0ms)[0m   [0;1mSELECT * FROM "contacts" WHERE ("contacts"."id" = 1) [0m
  [4;35;1mUser Load (2.5ms)[0m   [0mSELECT * FROM "users" LIMIT 30[0m
Completed in 1080ms (View: 1066, DB: 15) | 200 OK [http://158.119.147.40/contacts/1-hfdhgfhgffh-fdgdfgfdgfdgfdg/edit]
  [4;36;1mSQL (3.8ms)[0m   [0;1m SELECT name
 FROM sqlite_master
 WHERE type = 'table' AND NOT name = 'sqlite_sequence'
[0m
  [4;35;1mSQL (1.5ms)[0m   [0m SELECT name
 FROM sqlite_master
 WHERE type = 'table' AND NOT name = 'sqlite_sequence'
[0m
  [4;36;1mSQL (1.7ms)[0m   [0;1m SELECT name
 FROM sqlite_master
 WHERE type = 'table' AND NOT name = 'sqlite_sequence'
[0m
  [4;35;1mSQL (1.5ms)[0m   [0m SELECT name
 FROM sqlite_master
 WHERE type = 'table' AND NOT name = 'sqlite_sequence'
[0m


Processing ContactsController#show (for 158.119.175.40 at 2010-06-23 13:23:11) [GET]
  Parameters: {"id"=>"1-hfdhgfhgffh-fdgdfgfdgfdgfdg"}
  [4;36;1mUser Load (2.3ms)[0m   [0;1mSELECT * FROM "users" WHERE ("users"."id" = 1) [0m
  [4;35;1mContact Load (2.6ms)[0m   [0mSELECT * FROM "contacts" WHERE ("contacts"."id" = 1) [0m
  [4;36;1mUser Load (2.2ms)[0m   [0;1mSELECT * FROM "users" LIMIT 30[0m
Completed in 581ms (View: 563, DB: 15) | 200 OK [http://158.119.147.40/contacts/1-hfdhgfhgffh-fdgdfgfdgfdgfdg]
  [4;36;1mSQL (5.4ms)[0m   [0;1m SELECT name
 FROM sqlite_master
 WHERE type = 'table' AND NOT name = 'sqlite_sequence'
[0m
  [4;35;1mSQL (1.5ms)[0m   [0m SELECT name
 FROM sqlite_master
 WHERE type = 'table' AND NOT name = 'sqlite_sequence'
[0m
  [4;36;1mSQL (1.6ms)[0m   [0;1m SELECT name
 FROM sqlite_master
 WHERE type = 'table' AND NOT name = 'sqlite_sequence'
[0m
  [4;35;1mSQL (1.5ms)[0m   [0m SELECT name
 FROM sqlite_master
 WHERE type = 'table' AND NOT name = 'sqlite_sequence'
[0m


Processing ContactsController#index (for 158.119.175.40 at 2010-06-23 13:30:39) [GET]
  [4;36;1mUser Load (1.8ms)[0m   [0;1mSELECT * FROM "users" WHERE ("users"."id" = 1) [0m
  [4;35;1mContact Load (2.1ms)[0m   [0mSELECT * FROM "contacts" LIMIT 30 OFFSET 0[0m
  DRYML: Compiled /home/f0/paul/.gem/ruby/1.8/gems/hobo-1.0.1/taglibs/core.dryml in 0.06s
  DRYML: Compiled /home/f0/paul/.gem/ruby/1.8/gems/hobo-1.0.1/taglibs/rapid_core.dryml in 0.27s
  DRYML: Compiled /home/f0/paul/.gem/ruby/1.8/gems/hobo-1.0.1/taglibs/rapid_support.dryml in 0.02s
  DRYML: Compiled /home/f0/paul/.gem/ruby/1.8/gems/hobo-1.0.1/taglibs/rapid_document_tags.dryml in 0.05s
  DRYML: Compiled /home/f0/paul/.gem/ruby/1.8/gems/hobo-1.0.1/taglibs/rapid_pages.dryml in 0.26s
  DRYML: Compiled /home/f0/paul/.gem/ruby/1.8/gems/hobo-1.0.1/taglibs/rapid_editing.dryml in 0.26s
  DRYML: Compiled /home/f0/paul/.gem/ruby/1.8/gems/hobo-1.0.1/taglibs/rapid_forms.dryml in 0.50s
  DRYML: Compiled /home/f0/paul/.gem/ruby/1.8/gems/hobo-1.0.1/taglibs/rapid_navigation.dryml in 0.07s
  DRYML: Compiled /home/f0/paul/.gem/ruby/1.8/gems/hobo-1.0.1/taglibs/rapid_plus.dryml in 0.24s
  DRYML: Compiled /home/f0/paul/.gem/ruby/1.8/gems/hobo-1.0.1/taglibs/rapid_generics.dryml in 0.04s
  DRYML: Compiled /home/f0/paul/.gem/ruby/1.8/gems/hobo-1.0.1/taglibs/rapid_lifecycles.dryml in 0.01s
  DRYML: Compiled /home/f0/paul/.gem/ruby/1.8/gems/hobo-1.0.1/taglibs/rapid_summary.dryml in 0.26s
  DRYML: Compiled /home/f0/paul/.gem/ruby/1.8/gems/hobo-1.0.1/taglibs/rapid_user_pages.dryml in 0.30s
  DRYML: Compiled /home/f0/paul/.gem/ruby/1.8/gems/hobo-1.0.1/taglibs/rapid.dryml in 2.30s
  DRYML: Compiled app/views/taglibs/auto/rapid/cards.dryml in 0.15s
  DRYML: Compiled app/views/taglibs/auto/rapid/pages.dryml in 0.56s
  DRYML: Compiled app/views/taglibs/auto/rapid/forms.dryml in 0.09s
  DRYML: Compiled app/views/taglibs/themes/clean/clean.dryml in 0.02s
  DRYML: Compiled app/views/taglibs/application.dryml in 3.12s
  [4;36;1mUser Load (1.7ms)[0m   [0;1mSELECT * FROM "users" LIMIT 30[0m
Completed in 3553ms (View: 3538, DB: 9) | 200 OK [http://158.119.147.40/contacts]
  [4;35;1mSQL (4.1ms)[0m   [0m SELECT name
 FROM sqlite_master
 WHERE type = 'table' AND NOT name = 'sqlite_sequence'
[0m
  [4;36;1mSQL (1.5ms)[0m   [0;1m SELECT name
 FROM sqlite_master
 WHERE type = 'table' AND NOT name = 'sqlite_sequence'
[0m
  [4;35;1mSQL (1.8ms)[0m   [0m SELECT name
 FROM sqlite_master
 WHERE type = 'table' AND NOT name = 'sqlite_sequence'
[0m
  [4;36;1mSQL (1.5ms)[0m   [0;1m SELECT name
 FROM sqlite_master
 WHERE type = 'table' AND NOT name = 'sqlite_sequence'
[0m


Processing ContactsController#show (for 158.119.175.40 at 2010-06-23 13:30:47) [GET]
  Parameters: {"id"=>"1-hfdhgfhgffh-fdgdfgfdgfdgfdg"}
  [4;35;1mUser Load (1.8ms)[0m   [0mSELECT * FROM "users" WHERE ("users"."id" = 1) [0m
  [4;36;1mContact Load (1.9ms)[0m   [0;1mSELECT * FROM "contacts" WHERE ("contacts"."id" = 1) [0m
  [4;35;1mUser Load (1.8ms)[0m   [0mSELECT * FROM "users" LIMIT 30[0m
Completed in 568ms (View: 554, DB: 14) | 200 OK [http://158.119.147.40/contacts/1-hfdhgfhgffh-fdgdfgfdgfdgfdg]
  [4;36;1mSQL (3.8ms)[0m   [0;1m SELECT name
 FROM sqlite_master
 WHERE type = 'table' AND NOT name = 'sqlite_sequence'
[0m
  [4;35;1mSQL (1.4ms)[0m   [0m SELECT name
 FROM sqlite_master
 WHERE type = 'table' AND NOT name = 'sqlite_sequence'
[0m
  [4;36;1mSQL (1.6ms)[0m   [0;1m SELECT name
 FROM sqlite_master
 WHERE type = 'table' AND NOT name = 'sqlite_sequence'
[0m
  [4;35;1mSQL (1.5ms)[0m   [0m SELECT name
 FROM sqlite_master
 WHERE type = 'table' AND NOT name = 'sqlite_sequence'
[0m


Processing ContactsController#edit (for 158.119.175.40 at 2010-06-23 13:30:51) [GET]
  Parameters: {"id"=>"1-hfdhgfhgffh-fdgdfgfdgfdgfdg"}
  [4;36;1mUser Load (2.0ms)[0m   [0;1mSELECT * FROM "users" WHERE ("users"."id" = 1) [0m
  [4;35;1mContact Load (1.9ms)[0m   [0mSELECT * FROM "contacts" WHERE ("contacts"."id" = 1) [0m
  [4;36;1mUser Load (2.5ms)[0m   [0;1mSELECT * FROM "users" LIMIT 30[0m
Completed in 913ms (View: 898, DB: 15) | 200 OK [http://158.119.147.40/contacts/1-hfdhgfhgffh-fdgdfgfdgfdgfdg/edit]
  [4;35;1mSQL (3.9ms)[0m   [0m SELECT name
 FROM sqlite_master
 WHERE type = 'table' AND NOT name = 'sqlite_sequence'
[0m
  [4;36;1mSQL (1.5ms)[0m   [0;1m SELECT name
 FROM sqlite_master
 WHERE type = 'table' AND NOT name = 'sqlite_sequence'
[0m
  [4;35;1mSQL (6.2ms)[0m   [0m SELECT name
 FROM sqlite_master
 WHERE type = 'table' AND NOT name = 'sqlite_sequence'
[0m
  [4;36;1mSQL (2.7ms)[0m   [0;1m SELECT name
 FROM sqlite_master
 WHERE type = 'table' AND NOT name = 'sqlite_sequence'
[0m


Processing ContactsController#show (for 158.119.175.40 at 2010-06-23 13:31:09) [GET]
  Parameters: {"id"=>"1-hfdhgfhgffh-fdgdfgfdgfdgfdg"}
  [4;35;1mUser Load (2.2ms)[0m   [0mSELECT * FROM "users" WHERE ("users"."id" = 1) [0m
  [4;36;1mContact Load (1.9ms)[0m   [0;1mSELECT * FROM "contacts" WHERE ("contacts"."id" = 1) [0m
  [4;35;1mUser Load (1.8ms)[0m   [0mSELECT * FROM "users" LIMIT 30[0m
Completed in 575ms (View: 561, DB: 20) | 200 OK [http://158.119.147.40/contacts/1-hfdhgfhgffh-fdgdfgfdgfdgfdg]
  [4;36;1mSQL (4.0ms)[0m   [0;1m SELECT name
 FROM sqlite_master
 WHERE type = 'table' AND NOT name = 'sqlite_sequence'
[0m
  [4;35;1mSQL (1.5ms)[0m   [0m SELECT name
 FROM sqlite_master
 WHERE type = 'table' AND NOT name = 'sqlite_sequence'
[0m
  [4;36;1mSQL (1.6ms)[0m   [0;1m SELECT name
 FROM sqlite_master
 WHERE type = 'table' AND NOT name = 'sqlite_sequence'
[0m
  [4;35;1mSQL (1.4ms)[0m   [0m SELECT name
 FROM sqlite_master
 WHERE type = 'table' AND NOT name = 'sqlite_sequence'
[0m


Processing ContactsController#index (for 158.119.175.40 at 2010-06-23 13:33:56) [GET]
  [4;36;1mUser Load (2.1ms)[0m   [0;1mSELECT * FROM "users" WHERE ("users"."id" = 1) [0m
  [4;35;1mContact Load (2.2ms)[0m   [0mSELECT * FROM "contacts" LIMIT 30 OFFSET 0[0m
  DRYML: Compiled /home/f0/paul/.gem/ruby/1.8/gems/hobo-1.0.1/taglibs/core.dryml in 0.05s
  DRYML: Compiled /home/f0/paul/.gem/ruby/1.8/gems/hobo-1.0.1/taglibs/rapid_core.dryml in 0.27s
  DRYML: Compiled /home/f0/paul/.gem/ruby/1.8/gems/hobo-1.0.1/taglibs/rapid_support.dryml in 0.02s
  DRYML: Compiled /home/f0/paul/.gem/ruby/1.8/gems/hobo-1.0.1/taglibs/rapid_document_tags.dryml in 0.05s
  DRYML: Compiled /home/f0/paul/.gem/ruby/1.8/gems/hobo-1.0.1/taglibs/rapid_pages.dryml in 0.26s
  DRYML: Compiled /home/f0/paul/.gem/ruby/1.8/gems/hobo-1.0.1/taglibs/rapid_editing.dryml in 0.19s
  DRYML: Compiled /home/f0/paul/.gem/ruby/1.8/gems/hobo-1.0.1/taglibs/rapid_forms.dryml in 0.48s
  DRYML: Compiled /home/f0/paul/.gem/ruby/1.8/gems/hobo-1.0.1/taglibs/rapid_navigation.dryml in 0.07s
  DRYML: Compiled /home/f0/paul/.gem/ruby/1.8/gems/hobo-1.0.1/taglibs/rapid_plus.dryml in 0.22s
  DRYML: Compiled /home/f0/paul/.gem/ruby/1.8/gems/hobo-1.0.1/taglibs/rapid_generics.dryml in 0.04s
  DRYML: Compiled /home/f0/paul/.gem/ruby/1.8/gems/hobo-1.0.1/taglibs/rapid_lifecycles.dryml in 0.01s
  DRYML: Compiled /home/f0/paul/.gem/ruby/1.8/gems/hobo-1.0.1/taglibs/rapid_summary.dryml in 0.26s
  DRYML: Compiled /home/f0/paul/.gem/ruby/1.8/gems/hobo-1.0.1/taglibs/rapid_user_pages.dryml in 0.30s
  DRYML: Compiled /home/f0/paul/.gem/ruby/1.8/gems/hobo-1.0.1/taglibs/rapid.dryml in 2.20s
  DRYML: Compiled app/views/taglibs/auto/rapid/cards.dryml in 0.15s
  DRYML: Compiled app/views/taglibs/auto/rapid/pages.dryml in 0.56s
  DRYML: Compiled app/views/taglibs/auto/rapid/forms.dryml in 0.08s
  DRYML: Compiled app/views/taglibs/themes/clean/clean.dryml in 0.02s
  DRYML: Compiled app/views/taglibs/application.dryml in 3.02s
  [4;36;1mUser Load (1.7ms)[0m   [0;1mSELECT * FROM "users" LIMIT 30[0m
Completed in 3435ms (View: 3420, DB: 9) | 200 OK [http://158.119.147.40/contacts]
  [4;35;1mSQL (3.9ms)[0m   [0m SELECT name
 FROM sqlite_master
 WHERE type = 'table' AND NOT name = 'sqlite_sequence'
[0m
  [4;36;1mSQL (1.5ms)[0m   [0;1m SELECT name
 FROM sqlite_master
 WHERE type = 'table' AND NOT name = 'sqlite_sequence'
[0m
  [4;35;1mSQL (1.7ms)[0m   [0m SELECT name
 FROM sqlite_master
 WHERE type = 'table' AND NOT name = 'sqlite_sequence'
[0m
  [4;36;1mSQL (1.5ms)[0m   [0;1m SELECT name
 FROM sqlite_master
 WHERE type = 'table' AND NOT name = 'sqlite_sequence'
[0m


Processing ContactsController#new (for 158.119.175.40 at 2010-06-23 13:34:04) [GET]
  [4;35;1mUser Load (2.1ms)[0m   [0mSELECT * FROM "users" WHERE ("users"."id" = 1) [0m
  [4;36;1mUser Load (1.9ms)[0m   [0;1mSELECT * FROM "users" LIMIT 30[0m
Completed in 844ms (View: 832, DB: 13) | 200 OK [http://158.119.147.40/contacts/new]
  [4;35;1mSQL (3.9ms)[0m   [0m SELECT name
 FROM sqlite_master
 WHERE type = 'table' AND NOT name = 'sqlite_sequence'
[0m
  [4;36;1mSQL (1.5ms)[0m   [0;1m SELECT name
 FROM sqlite_master
 WHERE type = 'table' AND NOT name = 'sqlite_sequence'
[0m
  [4;35;1mSQL (1.6ms)[0m   [0m SELECT name
 FROM sqlite_master
 WHERE type = 'table' AND NOT name = 'sqlite_sequence'
[0m
  [4;36;1mSQL (1.5ms)[0m   [0;1m SELECT name
 FROM sqlite_master
 WHERE type = 'table' AND NOT name = 'sqlite_sequence'
[0m


Processing ContactsController#create (for 158.119.175.40 at 2010-06-23 13:34:08) [POST]
  Parameters: {"page_path"=>"contacts/new", "authenticity_token"=>"QAzBOq536TGiK6fMbcTrk/18U6YM71hAo0lp4pqU5cA=", "contact"=>{"date_met"=>{"month"=>"6", "day"=>"23", "year"=>"2010"}, "city"=>"", "company"=>"", "name"=>"", "married"=>"0", "notes"=>"", "address_1"=>"", "address_2"=>"", "age"=>"", "state"=>""}}
  [4;35;1mUser Load (1.8ms)[0m   [0mSELECT * FROM "users" WHERE ("users"."id" = 1) [0m
Rendering contacts/new
  [4;36;1mUser Load (2.1ms)[0m   [0;1mSELECT * FROM "users" LIMIT 30[0m
Completed in 920ms (View: 894, DB: 12) | 200 OK [http://158.119.147.40/contacts]
  [4;35;1mSQL (3.9ms)[0m   [0m SELECT name
 FROM sqlite_master
 WHERE type = 'table' AND NOT name = 'sqlite_sequence'
[0m
  [4;36;1mSQL (1.5ms)[0m   [0;1m SELECT name
 FROM sqlite_master
 WHERE type = 'table' AND NOT name = 'sqlite_sequence'
[0m
  [4;35;1mSQL (1.7ms)[0m   [0m SELECT name
 FROM sqlite_master
 WHERE type = 'table' AND NOT name = 'sqlite_sequence'
[0m
  [4;36;1mSQL (1.5ms)[0m   [0;1m SELECT name
 FROM sqlite_master
 WHERE type = 'table' AND NOT name = 'sqlite_sequence'
[0m


Processing ContactsController#create (for 158.119.175.40 at 2010-06-23 13:34:16) [POST]
  Parameters: {"page_path"=>"contacts/new", "authenticity_token"=>"QAzBOq536TGiK6fMbcTrk/18U6YM71hAo0lp4pqU5cA=", "contact"=>{"date_met"=>{"month"=>"6", "day"=>"23", "year"=>"2010"}, "city"=>"", "company"=>"", "name"=>"sdfsdfsdf", "married"=>"0", "notes"=>"", "address_1"=>"", "address_2"=>"", "age"=>"", "state"=>""}}
  [4;35;1mUser Load (1.9ms)[0m   [0mSELECT * FROM "users" WHERE ("users"."id" = 1) [0m
  [4;36;1mContact Create (4.9ms)[0m   [0;1mINSERT INTO "contacts" ("name", "company", "city", "date_met", "updated_at", "married", "notes", "address_1", "address_2", "age", "created_at", "state") VALUES('sdfsdfsdf', '', '', '2010-06-23', '2010-06-23 12:34:16', 'f', '', '', '', NULL, '2010-06-23 12:34:16', '')[0m
Redirected to http://158.119.147.40:8080/contacts/3-sdfsdfsdf
Completed in 62ms (DB: 15) | 302 Found [http://158.119.147.40/contacts]
  [4;35;1mSQL (3.8ms)[0m   [0m SELECT name
 FROM sqlite_master
 WHERE type = 'table' AND NOT name = 'sqlite_sequence'
[0m
  [4;36;1mSQL (1.4ms)[0m   [0;1m SELECT name
 FROM sqlite_master
 WHERE type = 'table' AND NOT name = 'sqlite_sequence'
[0m
  [4;35;1mSQL (1.6ms)[0m   [0m SELECT name
 FROM sqlite_master
 WHERE type = 'table' AND NOT name = 'sqlite_sequence'
[0m
  [4;36;1mSQL (1.5ms)[0m   [0;1m SELECT name
 FROM sqlite_master
 WHERE type = 'table' AND NOT name = 'sqlite_sequence'
[0m


Processing ContactsController#show (for 158.119.175.40 at 2010-06-23 13:34:16) [GET]
  Parameters: {"id"=>"3-sdfsdfsdf"}
  [4;35;1mUser Load (1.9ms)[0m   [0mSELECT * FROM "users" WHERE ("users"."id" = 1) [0m
  [4;36;1mContact Load (2.0ms)[0m   [0;1mSELECT * FROM "contacts" WHERE ("contacts"."id" = 3) [0m
  [4;35;1mUser Load (1.8ms)[0m   [0mSELECT * FROM "users" LIMIT 30[0m
Completed in 560ms (View: 546, DB: 14) | 200 OK [http://158.119.147.40/contacts/3-sdfsdfsdf]
  [4;36;1mSQL (4.3ms)[0m   [0;1m SELECT name
 FROM sqlite_master
 WHERE type = 'table' AND NOT name = 'sqlite_sequence'
[0m
  [4;35;1mSQL (1.7ms)[0m   [0m SELECT name
 FROM sqlite_master
 WHERE type = 'table' AND NOT name = 'sqlite_sequence'
[0m
  [4;36;1mSQL (1.7ms)[0m   [0;1m SELECT name
 FROM sqlite_master
 WHERE type = 'table' AND NOT name = 'sqlite_sequence'
[0m
  [4;35;1mSQL (1.5ms)[0m   [0m SELECT name
 FROM sqlite_master
 WHERE type = 'table' AND NOT name = 'sqlite_sequence'
[0m


Processing ContactsController#edit (for 158.119.175.40 at 2010-06-23 13:35:53) [GET]
  Parameters: {"id"=>"3-sdfsdfsdf"}
  [4;36;1mUser Load (1.9ms)[0m   [0;1mSELECT * FROM "users" WHERE ("users"."id" = 1) [0m
  [4;35;1mContact Load (1.9ms)[0m   [0mSELECT * FROM "contacts" WHERE ("contacts"."id" = 3) [0m
  DRYML: Compiled /home/f0/paul/.gem/ruby/1.8/gems/hobo-1.0.1/taglibs/core.dryml in 0.05s
  DRYML: Compiled /home/f0/paul/.gem/ruby/1.8/gems/hobo-1.0.1/taglibs/rapid_core.dryml in 0.27s
  DRYML: Compiled /home/f0/paul/.gem/ruby/1.8/gems/hobo-1.0.1/taglibs/rapid_support.dryml in 0.02s
  DRYML: Compiled /home/f0/paul/.gem/ruby/1.8/gems/hobo-1.0.1/taglibs/rapid_document_tags.dryml in 0.05s
  DRYML: Compiled /home/f0/paul/.gem/ruby/1.8/gems/hobo-1.0.1/taglibs/rapid_pages.dryml in 0.26s
  DRYML: Compiled /home/f0/paul/.gem/ruby/1.8/gems/hobo-1.0.1/taglibs/rapid_editing.dryml in 0.19s
  DRYML: Compiled /home/f0/paul/.gem/ruby/1.8/gems/hobo-1.0.1/taglibs/rapid_forms.dryml in 0.47s
  DRYML: Compiled /home/f0/paul/.gem/ruby/1.8/gems/hobo-1.0.1/taglibs/rapid_navigation.dryml in 0.06s
  DRYML: Compiled /home/f0/paul/.gem/ruby/1.8/gems/hobo-1.0.1/taglibs/rapid_plus.dryml in 0.23s
  DRYML: Compiled /home/f0/paul/.gem/ruby/1.8/gems/hobo-1.0.1/taglibs/rapid_generics.dryml in 0.04s
  DRYML: Compiled /home/f0/paul/.gem/ruby/1.8/gems/hobo-1.0.1/taglibs/rapid_lifecycles.dryml in 0.01s
  DRYML: Compiled /home/f0/paul/.gem/ruby/1.8/gems/hobo-1.0.1/taglibs/rapid_summary.dryml in 0.25s
  DRYML: Compiled /home/f0/paul/.gem/ruby/1.8/gems/hobo-1.0.1/taglibs/rapid_user_pages.dryml in 0.29s
  DRYML: Compiled /home/f0/paul/.gem/ruby/1.8/gems/hobo-1.0.1/taglibs/rapid.dryml in 2.18s
  DRYML: Compiled app/views/taglibs/auto/rapid/cards.dryml in 0.15s
  DRYML: Compiled app/views/taglibs/auto/rapid/pages.dryml in 0.56s
  DRYML: Compiled app/views/taglibs/auto/rapid/forms.dryml in 0.07s
  DRYML: Compiled app/views/taglibs/themes/clean/clean.dryml in 0.02s
  DRYML: Compiled app/views/taglibs/application.dryml in 2.98s
  [4;36;1mUser Load (1.7ms)[0m   [0;1mSELECT * FROM "users" LIMIT 30[0m
Completed in 3647ms (View: 3633, DB: 9) | 200 OK [http://158.119.147.40/contacts/3-sdfsdfsdf/edit]
  [4;35;1mSQL (3.9ms)[0m   [0m SELECT name
 FROM sqlite_master
 WHERE type = 'table' AND NOT name = 'sqlite_sequence'
[0m
  [4;36;1mSQL (1.5ms)[0m   [0;1m SELECT name
 FROM sqlite_master
 WHERE type = 'table' AND NOT name = 'sqlite_sequence'
[0m
  [4;35;1mSQL (1.6ms)[0m   [0m SELECT name
 FROM sqlite_master
 WHERE type = 'table' AND NOT name = 'sqlite_sequence'
[0m
  [4;36;1mSQL (1.6ms)[0m   [0;1m SELECT name
 FROM sqlite_master
 WHERE type = 'table' AND NOT name = 'sqlite_sequence'
[0m


Processing ContactsController#update (for 158.119.175.40 at 2010-06-23 13:36:01) [PUT]
  Parameters: {"page_path"=>"contacts/edit", "authenticity_token"=>"QAzBOq536TGiK6fMbcTrk/18U6YM71hAo0lp4pqU5cA=", "contact"=>{"date_met"=>{"month"=>"6", "day"=>"23", "year"=>"2010"}, "city"=>"", "company"=>"", "name"=>"sdfsdfsdf", "married"=>"0", "notes"=>"", "address_1"=>"", "address_2"=>"", "age"=>"ghkjghjghj", "state"=>""}, "id"=>"3-sdfsdfsdf"}
  [4;35;1mUser Load (1.9ms)[0m   [0mSELECT * FROM "users" WHERE ("users"."id" = 1) [0m
  [4;36;1mContact Load (1.9ms)[0m   [0;1mSELECT * FROM "contacts" WHERE ("contacts"."id" = 3) [0m
Rendering contacts/edit
  [4;35;1mUser Load (3.1ms)[0m   [0mSELECT * FROM "users" LIMIT 30[0m
Completed in 1071ms (View: 1041, DB: 15) | 200 OK [http://158.119.147.40/contacts/3-sdfsdfsdf]
  [4;36;1mSQL (4.0ms)[0m   [0;1m SELECT name
 FROM sqlite_master
 WHERE type = 'table' AND NOT name = 'sqlite_sequence'
[0m
  [4;35;1mSQL (1.5ms)[0m   [0m SELECT name
 FROM sqlite_master
 WHERE type = 'table' AND NOT name = 'sqlite_sequence'
[0m
  [4;36;1mSQL (1.6ms)[0m   [0;1m SELECT name
 FROM sqlite_master
 WHERE type = 'table' AND NOT name = 'sqlite_sequence'
[0m
  [4;35;1mSQL (1.5ms)[0m   [0m SELECT name
 FROM sqlite_master
 WHERE type = 'table' AND NOT name = 'sqlite_sequence'
[0m


Processing ContactsController#show to ogg (for 158.119.175.40 at 2010-06-23 13:37:43) [GET]
  Parameters: {"id"=>"beep"}
  [4;36;1mUser Load (1.9ms)[0m   [0;1mSELECT * FROM "users" WHERE ("users"."id" = 1) [0m
  [4;35;1mContact Load (1.6ms)[0m   [0mSELECT * FROM "contacts" WHERE ("contacts"."id" = 0) [0m
  [4;36;1mUser Load (1.7ms)[0m   [0;1mSELECT * FROM "users" LIMIT 30[0m
  [4;35;1mSQL (4.4ms)[0m   [0m SELECT name
 FROM sqlite_master
 WHERE type = 'table' AND NOT name = 'sqlite_sequence'
[0m
  [4;36;1mSQL (2.0ms)[0m   [0;1m SELECT name
 FROM sqlite_master
 WHERE type = 'table' AND NOT name = 'sqlite_sequence'
[0m
  [4;35;1mSQL (1.7ms)[0m   [0m SELECT name
 FROM sqlite_master
 WHERE type = 'table' AND NOT name = 'sqlite_sequence'
[0m
  [4;36;1mSQL (1.5ms)[0m   [0;1m SELECT name
 FROM sqlite_master
 WHERE type = 'table' AND NOT name = 'sqlite_sequence'
[0m


Processing ContactsController#show to ogg (for 158.119.175.40 at 2010-06-23 13:58:03) [GET]
  Parameters: {"id"=>"beep"}
  [4;35;1mUser Load (1.9ms)[0m   [0mSELECT * FROM "users" WHERE ("users"."id" = 1) [0m
  [4;36;1mContact Load (1.6ms)[0m   [0;1mSELECT * FROM "contacts" WHERE ("contacts"."id" = 0) [0m
  [4;35;1mUser Load (1.8ms)[0m   [0mSELECT * FROM "users" LIMIT 30[0m
  [4;36;1mSQL (123.5ms)[0m   [0;1m SELECT name
 FROM sqlite_master
 WHERE type = 'table' AND NOT name = 'sqlite_sequence'
[0m
  [4;35;1mSQL (1.5ms)[0m   [0m SELECT name
 FROM sqlite_master
 WHERE type = 'table' AND NOT name = 'sqlite_sequence'
[0m
  [4;36;1mSQL (1.7ms)[0m   [0;1m SELECT name
 FROM sqlite_master
 WHERE type = 'table' AND NOT name = 'sqlite_sequence'
[0m
  [4;35;1mSQL (1.5ms)[0m   [0m SELECT name
 FROM sqlite_master
 WHERE type = 'table' AND NOT name = 'sqlite_sequence'
[0m


Processing ContactsController#show to ogg (for 158.119.175.40 at 2010-06-23 14:36:30) [GET]
  Parameters: {"id"=>"beep"}
  [4;36;1mUser Load (2.1ms)[0m   [0;1mSELECT * FROM "users" WHERE ("users"."id" = 1) [0m
  [4;35;1mContact Load (1.9ms)[0m   [0mSELECT * FROM "contacts" WHERE ("contacts"."id" = 0) [0m
  [4;36;1mUser Load (1.7ms)[0m   [0;1mSELECT * FROM "users" LIMIT 30[0m
  [4;36;1mSQL (4.3ms)[0m   [0;1m SELECT name
 FROM sqlite_master
 WHERE type = 'table' AND NOT name = 'sqlite_sequence'
[0m
  [4;35;1mSQL (1.4ms)[0m   [0m SELECT name
 FROM sqlite_master
 WHERE type = 'table' AND NOT name = 'sqlite_sequence'
[0m
  [4;36;1mSQL (1.6ms)[0m   [0;1m SELECT name
 FROM sqlite_master
 WHERE type = 'table' AND NOT name = 'sqlite_sequence'
[0m
  [4;35;1mSQL (1.4ms)[0m   [0m SELECT name
 FROM sqlite_master
 WHERE type = 'table' AND NOT name = 'sqlite_sequence'
[0m


Processing IsolatesController#index (for 158.119.175.40 at 2010-06-23 14:48:24) [GET]
  [4;36;1mUser Load (1.8ms)[0m   [0;1mSELECT * FROM "users" WHERE ("users"."id" = 1) [0m
  [4;35;1mIsolate Load (1.6ms)[0m   [0mSELECT * FROM "isolates" LIMIT 30 OFFSET 0[0m
  DRYML: Compiled /home/f0/paul/.gem/ruby/1.8/gems/hobo-1.0.1/taglibs/core.dryml in 0.05s
  DRYML: Compiled /home/f0/paul/.gem/ruby/1.8/gems/hobo-1.0.1/taglibs/rapid_core.dryml in 0.26s
  DRYML: Compiled /home/f0/paul/.gem/ruby/1.8/gems/hobo-1.0.1/taglibs/rapid_support.dryml in 0.02s
  DRYML: Compiled /home/f0/paul/.gem/ruby/1.8/gems/hobo-1.0.1/taglibs/rapid_document_tags.dryml in 0.05s
  DRYML: Compiled /home/f0/paul/.gem/ruby/1.8/gems/hobo-1.0.1/taglibs/rapid_pages.dryml in 0.26s
  DRYML: Compiled /home/f0/paul/.gem/ruby/1.8/gems/hobo-1.0.1/taglibs/rapid_editing.dryml in 0.19s
  DRYML: Compiled /home/f0/paul/.gem/ruby/1.8/gems/hobo-1.0.1/taglibs/rapid_forms.dryml in 0.47s
  DRYML: Compiled /home/f0/paul/.gem/ruby/1.8/gems/hobo-1.0.1/taglibs/rapid_navigation.dryml in 0.06s
  DRYML: Compiled /home/f0/paul/.gem/ruby/1.8/gems/hobo-1.0.1/taglibs/rapid_plus.dryml in 0.22s
  DRYML: Compiled /home/f0/paul/.gem/ruby/1.8/gems/hobo-1.0.1/taglibs/rapid_generics.dryml in 0.04s
  DRYML: Compiled /home/f0/paul/.gem/ruby/1.8/gems/hobo-1.0.1/taglibs/rapid_lifecycles.dryml in 0.01s
  DRYML: Compiled /home/f0/paul/.gem/ruby/1.8/gems/hobo-1.0.1/taglibs/rapid_summary.dryml in 0.25s
  DRYML: Compiled /home/f0/paul/.gem/ruby/1.8/gems/hobo-1.0.1/taglibs/rapid_user_pages.dryml in 0.29s
  DRYML: Compiled /home/f0/paul/.gem/ruby/1.8/gems/hobo-1.0.1/taglibs/rapid.dryml in 2.15s
  DRYML: Compiled app/views/taglibs/auto/rapid/cards.dryml in 0.15s
  DRYML: Compiled app/views/taglibs/auto/rapid/pages.dryml in 0.59s
  DRYML: Compiled app/views/taglibs/auto/rapid/forms.dryml in 0.07s
  DRYML: Compiled app/views/taglibs/themes/clean/clean.dryml in 0.02s
  DRYML: Compiled app/views/taglibs/application.dryml in 2.99s
  [4;36;1mUser Load (1.7ms)[0m   [0;1mSELECT * FROM "users" LIMIT 30[0m
Completed in 3395ms (View: 3381, DB: 8) | 200 OK [http://158.119.147.40/isolates]
  [4;35;1mSQL (4.0ms)[0m   [0m SELECT name
 FROM sqlite_master
 WHERE type = 'table' AND NOT name = 'sqlite_sequence'
[0m
  [4;36;1mSQL (1.4ms)[0m   [0;1m SELECT name
 FROM sqlite_master
 WHERE type = 'table' AND NOT name = 'sqlite_sequence'
[0m
  [4;35;1mSQL (1.7ms)[0m   [0m SELECT name
 FROM sqlite_master
 WHERE type = 'table' AND NOT name = 'sqlite_sequence'
[0m
  [4;36;1mSQL (1.5ms)[0m   [0;1m SELECT name
 FROM sqlite_master
 WHERE type = 'table' AND NOT name = 'sqlite_sequence'
[0m


Processing IsolatesController#new (for 158.119.175.40 at 2010-06-23 14:48:30) [GET]
  [4;35;1mUser Load (2.2ms)[0m   [0mSELECT * FROM "users" WHERE ("users"."id" = 1) [0m
  [4;36;1mUser Load (1.6ms)[0m   [0;1mSELECT * FROM "users" LIMIT 30[0m
Completed in 550ms (View: 538, DB: 13) | 200 OK [http://158.119.147.40/isolates/new]
  [4;35;1mSQL (3.8ms)[0m   [0m SELECT name
 FROM sqlite_master
 WHERE type = 'table' AND NOT name = 'sqlite_sequence'
[0m
  [4;36;1mSQL (1.5ms)[0m   [0;1m SELECT name
 FROM sqlite_master
 WHERE type = 'table' AND NOT name = 'sqlite_sequence'
[0m
  [4;35;1mSQL (1.7ms)[0m   [0m SELECT name
 FROM sqlite_master
 WHERE type = 'table' AND NOT name = 'sqlite_sequence'
[0m
  [4;36;1mSQL (1.5ms)[0m   [0;1m SELECT name
 FROM sqlite_master
 WHERE type = 'table' AND NOT name = 'sqlite_sequence'
[0m


Processing IsolatesController#create (for 158.119.175.40 at 2010-06-23 14:48:36) [POST]
  Parameters: {"isolate"=>{"title"=>"fdgdfgdfg", "description"=>"", "source"=>"", "identifier"=>"sgfdgfdgfdg"}, "page_path"=>"isolates/new", "authenticity_token"=>"QAzBOq536TGiK6fMbcTrk/18U6YM71hAo0lp4pqU5cA="}
  [4;35;1mUser Load (1.9ms)[0m   [0mSELECT * FROM "users" WHERE ("users"."id" = 1) [0m
  [4;36;1mIsolate Create (4.4ms)[0m   [0;1mINSERT INTO "isolates" ("updated_at", "title", "description", "identifier", "source", "created_at") VALUES('2010-06-23 13:48:36', 'fdgdfgdfg', '', 'sgfdgfdgfdg', '', '2010-06-23 13:48:36')[0m

ArgumentError (wrong number of arguments (1 for 0)):
  app/models/isolate.rb:33:in `source?'
  app/models/isolate.rb:33:in `name'
  hobo (1.0.1) lib/hobo/model.rb:387:in `send'
  hobo (1.0.1) lib/hobo/model.rb:387:in `to_param'
  hobo (1.0.1) lib/hobo/model.rb:382:in `to_url_path'
  hobo (1.0.1) lib/hobo/hobo_helper.rb:114:in `base_url_for'
  hobo (1.0.1) lib/hobo/hobo_helper.rb:104:in `object_url'
  hobo (1.0.1) lib/hobo/model_controller.rb:383:in `destination_after_submit'
  hobo (1.0.1) lib/hobo/model_controller.rb:425:in `redirect_after_submit'
  hobo (1.0.1) lib/hobo/model_controller.rb:572:in `create_response'
  hobo (1.0.1) lib/hobo/model_controller.rb:571:in `create_response'
  hobo (1.0.1) lib/hobo/model_controller.rb:526:in `hobo_create'
  hobo (1.0.1) lib/hobo/model_controller.rb:154:in `create'
  hobo (1.0.1) lib/hobo/controller.rb:23:in `call'
  hobo (1.0.1) lib/hobo/controller.rb:23:in `included_in_class'

Rendered rescues/_trace (204.6ms)
Rendered rescues/_request_and_response (3.0ms)
Rendering rescues/layout (internal_server_error)
  [4;35;1mSQL (5.0ms)[0m   [0m SELECT name
 FROM sqlite_master
 WHERE type = 'table' AND NOT name = 'sqlite_sequence'
[0m
  [4;36;1mSQL (1.5ms)[0m   [0;1m SELECT name
 FROM sqlite_master
 WHERE type = 'table' AND NOT name = 'sqlite_sequence'
[0m
  [4;35;1mSQL (1.7ms)[0m   [0m SELECT name
 FROM sqlite_master
 WHERE type = 'table' AND NOT name = 'sqlite_sequence'
[0m
  [4;36;1mSQL (1.5ms)[0m   [0;1m SELECT name
 FROM sqlite_master
 WHERE type = 'table' AND NOT name = 'sqlite_sequence'
[0m


Processing IsolatesController#index (for 158.119.175.40 at 2010-06-23 14:50:43) [GET]
  [4;35;1mUser Load (2.0ms)[0m   [0mSELECT * FROM "users" WHERE ("users"."id" = 1) [0m
  [4;36;1mIsolate Load (2.1ms)[0m   [0;1mSELECT * FROM "isolates" LIMIT 30 OFFSET 0[0m
  [4;35;1mUser Load (1.8ms)[0m   [0mSELECT * FROM "users" LIMIT 30[0m
Completed in 530ms (View: 515, DB: 15) | 200 OK [http://158.119.147.40/isolates]
  [4;36;1mSQL (5.5ms)[0m   [0;1m SELECT name
 FROM sqlite_master
 WHERE type = 'table' AND NOT name = 'sqlite_sequence'
[0m
  [4;35;1mSQL (1.6ms)[0m   [0m SELECT name
 FROM sqlite_master
 WHERE type = 'table' AND NOT name = 'sqlite_sequence'
[0m
  [4;36;1mSQL (1.7ms)[0m   [0;1m SELECT name
 FROM sqlite_master
 WHERE type = 'table' AND NOT name = 'sqlite_sequence'
[0m
  [4;35;1mSQL (1.5ms)[0m   [0m SELECT name
 FROM sqlite_master
 WHERE type = 'table' AND NOT name = 'sqlite_sequence'
[0m


Processing IsolatesController#index (for 158.119.175.40 at 2010-06-23 14:53:28) [GET]
  [4;36;1mUser Load (2.2ms)[0m   [0;1mSELECT * FROM "users" WHERE ("users"."id" = 1) [0m
  [4;35;1mIsolate Load (1.9ms)[0m   [0mSELECT * FROM "isolates" LIMIT 30 OFFSET 0[0m
  [4;36;1mUser Load (2.1ms)[0m   [0;1mSELECT * FROM "users" LIMIT 30[0m
Completed in 511ms (View: 496, DB: 16) | 200 OK [http://158.119.147.40/isolates]
  [4;35;1mSQL (4.1ms)[0m   [0m SELECT name
 FROM sqlite_master
 WHERE type = 'table' AND NOT name = 'sqlite_sequence'
[0m
  [4;36;1mSQL (1.5ms)[0m   [0;1m SELECT name
 FROM sqlite_master
 WHERE type = 'table' AND NOT name = 'sqlite_sequence'
[0m
  [4;35;1mSQL (2.0ms)[0m   [0m SELECT name
 FROM sqlite_master
 WHERE type = 'table' AND NOT name = 'sqlite_sequence'
[0m
  [4;36;1mSQL (1.5ms)[0m   [0;1m SELECT name
 FROM sqlite_master
 WHERE type = 'table' AND NOT name = 'sqlite_sequence'
[0m


Processing IsolatesController#show (for 158.119.175.40 at 2010-06-23 14:53:36) [GET]
  Parameters: {"id"=>"1-fdgdfgdfg-sgfdgfdgfdg"}
  [4;35;1mUser Load (2.4ms)[0m   [0mSELECT * FROM "users" WHERE ("users"."id" = 1) [0m
  [4;36;1mIsolate Load (2.3ms)[0m   [0;1mSELECT * FROM "isolates" WHERE ("isolates"."id" = 1) [0m
  [4;35;1mUser Load (1.8ms)[0m   [0mSELECT * FROM "users" LIMIT 30[0m
Completed in 526ms (View: 505, DB: 16) | 200 OK [http://158.119.147.40/isolates/1-fdgdfgdfg-sgfdgfdgfdg]
  [4;36;1mSQL (3.7ms)[0m   [0;1m SELECT name
 FROM sqlite_master
 WHERE type = 'table' AND NOT name = 'sqlite_sequence'
[0m
  [4;35;1mSQL (1.5ms)[0m   [0m SELECT name
 FROM sqlite_master
 WHERE type = 'table' AND NOT name = 'sqlite_sequence'
[0m
  [4;36;1mSQL (1.8ms)[0m   [0;1m SELECT name
 FROM sqlite_master
 WHERE type = 'table' AND NOT name = 'sqlite_sequence'
[0m
  [4;35;1mSQL (1.5ms)[0m   [0m SELECT name
 FROM sqlite_master
 WHERE type = 'table' AND NOT name = 'sqlite_sequence'
[0m


Processing IsolatesController#edit (for 158.119.175.40 at 2010-06-23 14:53:43) [GET]
  Parameters: {"id"=>"1-fdgdfgdfg-sgfdgfdgfdg"}
  [4;36;1mUser Load (1.8ms)[0m   [0;1mSELECT * FROM "users" WHERE ("users"."id" = 1) [0m
  [4;35;1mIsolate Load (1.9ms)[0m   [0mSELECT * FROM "isolates" WHERE ("isolates"."id" = 1) [0m
  [4;36;1mUser Load (2.2ms)[0m   [0;1mSELECT * FROM "users" LIMIT 30[0m
Completed in 562ms (View: 548, DB: 14) | 200 OK [http://158.119.147.40/isolates/1-fdgdfgdfg-sgfdgfdgfdg/edit]
  [4;35;1mSQL (3.9ms)[0m   [0m SELECT name
 FROM sqlite_master
 WHERE type = 'table' AND NOT name = 'sqlite_sequence'
[0m
  [4;36;1mSQL (1.5ms)[0m   [0;1m SELECT name
 FROM sqlite_master
 WHERE type = 'table' AND NOT name = 'sqlite_sequence'
[0m
  [4;35;1mSQL (1.8ms)[0m   [0m SELECT name
 FROM sqlite_master
 WHERE type = 'table' AND NOT name = 'sqlite_sequence'
[0m
  [4;36;1mSQL (1.5ms)[0m   [0;1m SELECT name
 FROM sqlite_master
 WHERE type = 'table' AND NOT name = 'sqlite_sequence'
[0m


Processing IsolatesController#update (for 158.119.175.40 at 2010-06-23 14:53:48) [PUT]
  Parameters: {"isolate"=>{"title"=>"", "description"=>"", "source"=>"", "identifier"=>"sgfdgfdgfdg"}, "page_path"=>"isolates/edit", "authenticity_token"=>"QAzBOq536TGiK6fMbcTrk/18U6YM71hAo0lp4pqU5cA=", "id"=>"1-fdgdfgdfg-sgfdgfdgfdg"}
  [4;35;1mUser Load (1.8ms)[0m   [0mSELECT * FROM "users" WHERE ("users"."id" = 1) [0m
  [4;36;1mIsolate Load (1.7ms)[0m   [0;1mSELECT * FROM "isolates" WHERE ("isolates"."id" = 1) [0m
  [4;35;1mIsolate Update (3.5ms)[0m   [0mUPDATE "isolates" SET "title" = '', "updated_at" = '2010-06-23 13:53:48' WHERE "id" = 1[0m
Redirected to http://158.119.147.40:8080/isolates/1-sgfdgfdgfdg
Completed in 63ms (DB: 16) | 302 Found [http://158.119.147.40/isolates/1-fdgdfgdfg-sgfdgfdgfdg]
  [4;36;1mSQL (4.2ms)[0m   [0;1m SELECT name
 FROM sqlite_master
 WHERE type = 'table' AND NOT name = 'sqlite_sequence'
[0m
  [4;35;1mSQL (1.5ms)[0m   [0m SELECT name
 FROM sqlite_master
 WHERE type = 'table' AND NOT name = 'sqlite_sequence'
[0m
  [4;36;1mSQL (1.7ms)[0m   [0;1m SELECT name
 FROM sqlite_master
 WHERE type = 'table' AND NOT name = 'sqlite_sequence'
[0m
  [4;35;1mSQL (1.5ms)[0m   [0m SELECT name
 FROM sqlite_master
 WHERE type = 'table' AND NOT name = 'sqlite_sequence'
[0m


Processing IsolatesController#show (for 158.119.175.40 at 2010-06-23 14:53:48) [GET]
  Parameters: {"id"=>"1-sgfdgfdgfdg"}
  [4;36;1mUser Load (1.8ms)[0m   [0;1mSELECT * FROM "users" WHERE ("users"."id" = 1) [0m
  [4;35;1mIsolate Load (1.8ms)[0m   [0mSELECT * FROM "isolates" WHERE ("isolates"."id" = 1) [0m
  [4;36;1mUser Load (1.9ms)[0m   [0;1mSELECT * FROM "users" LIMIT 30[0m
Completed in 621ms (View: 608, DB: 14) | 200 OK [http://158.119.147.40/isolates/1-sgfdgfdgfdg]
  [4;35;1mSQL (3.7ms)[0m   [0m SELECT name
 FROM sqlite_master
 WHERE type = 'table' AND NOT name = 'sqlite_sequence'
[0m
  [4;36;1mSQL (1.5ms)[0m   [0;1m SELECT name
 FROM sqlite_master
 WHERE type = 'table' AND NOT name = 'sqlite_sequence'
[0m
  [4;35;1mSQL (1.7ms)[0m   [0m SELECT name
 FROM sqlite_master
 WHERE type = 'table' AND NOT name = 'sqlite_sequence'
[0m
  [4;36;1mSQL (1.4ms)[0m   [0;1m SELECT name
 FROM sqlite_master
 WHERE type = 'table' AND NOT name = 'sqlite_sequence'
[0m


Processing IsolatesController#edit (for 158.119.175.40 at 2010-06-23 14:53:55) [GET]
  Parameters: {"id"=>"1-sgfdgfdgfdg"}
  [4;35;1mUser Load (2.1ms)[0m   [0mSELECT * FROM "users" WHERE ("users"."id" = 1) [0m
  [4;36;1mIsolate Load (2.0ms)[0m   [0;1mSELECT * FROM "isolates" WHERE ("isolates"."id" = 1) [0m
  [4;35;1mUser Load (1.8ms)[0m   [0mSELECT * FROM "users" LIMIT 30[0m
Completed in 590ms (View: 576, DB: 14) | 200 OK [http://158.119.147.40/isolates/1-sgfdgfdgfdg/edit]
  [4;36;1mSQL (3.9ms)[0m   [0;1m SELECT name
 FROM sqlite_master
 WHERE type = 'table' AND NOT name = 'sqlite_sequence'
[0m
  [4;35;1mSQL (1.5ms)[0m   [0m SELECT name
 FROM sqlite_master
 WHERE type = 'table' AND NOT name = 'sqlite_sequence'
[0m
  [4;36;1mSQL (1.6ms)[0m   [0;1m SELECT name
 FROM sqlite_master
 WHERE type = 'table' AND NOT name = 'sqlite_sequence'
[0m
  [4;35;1mSQL (1.5ms)[0m   [0m SELECT name
 FROM sqlite_master
 WHERE type = 'table' AND NOT name = 'sqlite_sequence'
[0m


Processing IsolatesController#update (for 158.119.175.40 at 2010-06-23 14:54:03) [PUT]
  Parameters: {"isolate"=>{"title"=>"sdfrsersdf", "description"=>"", "source"=>"sdfsdfsdf", "identifier"=>"sgfdgfdgfdg"}, "page_path"=>"isolates/edit", "authenticity_token"=>"QAzBOq536TGiK6fMbcTrk/18U6YM71hAo0lp4pqU5cA=", "id"=>"1-sgfdgfdgfdg"}
  [4;36;1mUser Load (1.8ms)[0m   [0;1mSELECT * FROM "users" WHERE ("users"."id" = 1) [0m
  [4;35;1mIsolate Load (1.7ms)[0m   [0mSELECT * FROM "isolates" WHERE ("isolates"."id" = 1) [0m
  [4;36;1mIsolate Update (3.3ms)[0m   [0;1mUPDATE "isolates" SET "source" = 'sdfsdfsdf', "title" = 'sdfrsersdf', "updated_at" = '2010-06-23 13:54:03' WHERE "id" = 1[0m
Redirected to http://158.119.147.40:8080/isolates/1-sdfrsersdf-sdfsdfsdf-sgfdgfdgfdg
Completed in 64ms (DB: 15) | 302 Found [http://158.119.147.40/isolates/1-sgfdgfdgfdg]
  [4;35;1mSQL (4.1ms)[0m   [0m SELECT name
 FROM sqlite_master
 WHERE type = 'table' AND NOT name = 'sqlite_sequence'
[0m
  [4;36;1mSQL (1.7ms)[0m   [0;1m SELECT name
 FROM sqlite_master
 WHERE type = 'table' AND NOT name = 'sqlite_sequence'
[0m
  [4;35;1mSQL (1.7ms)[0m   [0m SELECT name
 FROM sqlite_master
 WHERE type = 'table' AND NOT name = 'sqlite_sequence'
[0m
  [4;36;1mSQL (1.5ms)[0m   [0;1m SELECT name
 FROM sqlite_master
 WHERE type = 'table' AND NOT name = 'sqlite_sequence'
[0m


Processing IsolatesController#show (for 158.119.175.40 at 2010-06-23 14:54:03) [GET]
  Parameters: {"id"=>"1-sdfrsersdf-sdfsdfsdf-sgfdgfdgfdg"}
  [4;35;1mUser Load (1.8ms)[0m   [0mSELECT * FROM "users" WHERE ("users"."id" = 1) [0m
  [4;36;1mIsolate Load (1.7ms)[0m   [0;1mSELECT * FROM "isolates" WHERE ("isolates"."id" = 1) [0m
  [4;35;1mUser Load (2.0ms)[0m   [0mSELECT * FROM "users" LIMIT 30[0m
Completed in 506ms (View: 492, DB: 14) | 200 OK [http://158.119.147.40/isolates/1-sdfrsersdf-sdfsdfsdf-sgfdgfdgfdg]
  [4;36;1mSQL (4.3ms)[0m   [0;1m SELECT name
 FROM sqlite_master
 WHERE type = 'table' AND NOT name = 'sqlite_sequence'
[0m
  [4;35;1mSQL (1.6ms)[0m   [0m SELECT name
 FROM sqlite_master
 WHERE type = 'table' AND NOT name = 'sqlite_sequence'
[0m
  [4;36;1mSQL (1.7ms)[0m   [0;1m SELECT name
 FROM sqlite_master
 WHERE type = 'table' AND NOT name = 'sqlite_sequence'
[0m
  [4;35;1mSQL (1.5ms)[0m   [0m SELECT name
 FROM sqlite_master
 WHERE type = 'table' AND NOT name = 'sqlite_sequence'
[0m


Processing IsolatesController#show (for 158.119.175.40 at 2010-06-23 14:55:10) [GET]
  Parameters: {"id"=>"1"}
  [4;36;1mUser Load (1.7ms)[0m   [0;1mSELECT * FROM "users" WHERE ("users"."id" = 1) [0m
  [4;35;1mIsolate Load (1.8ms)[0m   [0mSELECT * FROM "isolates" WHERE ("isolates"."id" = 1) [0m
  [4;36;1mUser Load (1.7ms)[0m   [0;1mSELECT * FROM "users" LIMIT 30[0m
Completed in 657ms (View: 644, DB: 14) | 200 OK [http://158.119.147.40/isolates/1]
